{"uuid":"d346b2a0-7c0d-4b4f-a23a-6796aeccaad3","historyId":"c2cab5f72706e1c3ab79574b988a1c6","fullName":"Graph: User click on Try Here button and enter valid and invalid python code in tryEditor for Graph","labels":[{"name":"host","value":"Shivani"},{"name":"thread","value":"27664@Shivani.main(1)"},{"name":"feature","value":"Graph"},{"name":"story","value":"User click on Try Here button and enter valid and invalid python code in tryEditor for Graph"},{"name":"suite","value":"Graph"},{"name":"testClass","value":"User click on Try Here button and enter valid and invalid python code in tryEditor for Graph"},{"name":"framework","value":"cucumber4jvm"},{"name":"language","value":"java"},{"name":"gherkin_uri","value":"file:///C:/Users/shiva/eclipse-workspace/DS_AlgoBDD/src/test/resources/Features/11Graph.feature"},{"name":"package","value":"src.test.resources.Features.11Graph_feature.Graph"}],"links":[],"name":"User click on Try Here button and enter valid and invalid python code in tryEditor for Graph","status":"broken","statusDetails":{"known":false,"muted":false,"flaky":false,"message":"element not interactable\n  (Session info: chrome=113.0.5672.127)\nBuild info: version: '4.8.3', revision: 'e5e76298c3'\nSystem info: os.name: 'Windows 11', os.arch: 'amd64', os.version: '10.0', java.version: '19.0.2'\nDriver info: org.openqa.selenium.chrome.ChromeDriver\nCommand: [338e8f1972821ac46c524ba7e25ef9ca, sendKeysToElement {id=575C60E6BEDAFB6229103000AED7CE36_element_785, value=[Ljava.lang.CharSequence;@76958827}]\nCapabilities {acceptInsecureCerts: false, browserName: chrome, browserVersion: 113.0.5672.127, chrome: {chromedriverVersion: 113.0.5672.63 (0e1a4471d5ae..., userDataDir: C:\\Users\\shiva\\AppData\\Loca...}, goog:chromeOptions: {debuggerAddress: localhost:54324}, networkConnectionEnabled: false, pageLoadStrategy: normal, platformName: WINDOWS, proxy: Proxy(), se:cdp: ws://localhost:54324/devtoo..., se:cdpVersion: 113.0.5672.127, setWindowRect: true, strictFileInteractability: false, timeouts: {implicit: 0, pageLoad: 300000, script: 30000}, unhandledPromptBehavior: dismiss and notify, webauthn:extension:credBlob: true, webauthn:extension:largeBlob: true, webauthn:extension:minPinLength: true, webauthn:extension:prf: true, webauthn:virtualAuthenticators: true}\nElement: [[ChromeDriver: chrome on WINDOWS (338e8f1972821ac46c524ba7e25ef9ca)] -> xpath: //form[@id='answer_form']/div/div/div/textarea]\nSession ID: 338e8f1972821ac46c524ba7e25ef9ca","trace":"org.openqa.selenium.ElementNotInteractableException: element not interactable\n  (Session info: chrome=113.0.5672.127)\nBuild info: version: '4.8.3', revision: 'e5e76298c3'\nSystem info: os.name: 'Windows 11', os.arch: 'amd64', os.version: '10.0', java.version: '19.0.2'\nDriver info: org.openqa.selenium.chrome.ChromeDriver\nCommand: [338e8f1972821ac46c524ba7e25ef9ca, sendKeysToElement {id=575C60E6BEDAFB6229103000AED7CE36_element_785, value=[Ljava.lang.CharSequence;@76958827}]\nCapabilities {acceptInsecureCerts: false, browserName: chrome, browserVersion: 113.0.5672.127, chrome: {chromedriverVersion: 113.0.5672.63 (0e1a4471d5ae..., userDataDir: C:\\Users\\shiva\\AppData\\Loca...}, goog:chromeOptions: {debuggerAddress: localhost:54324}, networkConnectionEnabled: false, pageLoadStrategy: normal, platformName: WINDOWS, proxy: Proxy(), se:cdp: ws://localhost:54324/devtoo..., se:cdpVersion: 113.0.5672.127, setWindowRect: true, strictFileInteractability: false, timeouts: {implicit: 0, pageLoad: 300000, script: 30000}, unhandledPromptBehavior: dismiss and notify, webauthn:extension:credBlob: true, webauthn:extension:largeBlob: true, webauthn:extension:minPinLength: true, webauthn:extension:prf: true, webauthn:virtualAuthenticators: true}\nElement: [[ChromeDriver: chrome on WINDOWS (338e8f1972821ac46c524ba7e25ef9ca)] -> xpath: //form[@id='answer_form']/div/div/div/textarea]\nSession ID: 338e8f1972821ac46c524ba7e25ef9ca\r\n\tat java.base/jdk.internal.reflect.DirectConstructorHandleAccessor.newInstance(DirectConstructorHandleAccessor.java:67)\r\n\tat java.base/java.lang.reflect.Constructor.newInstanceWithCaller(Constructor.java:500)\r\n\tat java.base/java.lang.reflect.Constructor.newInstance(Constructor.java:484)\r\n\tat org.openqa.selenium.remote.codec.w3c.W3CHttpResponseCodec.createException(W3CHttpResponseCodec.java:200)\r\n\tat org.openqa.selenium.remote.codec.w3c.W3CHttpResponseCodec.decode(W3CHttpResponseCodec.java:133)\r\n\tat org.openqa.selenium.remote.codec.w3c.W3CHttpResponseCodec.decode(W3CHttpResponseCodec.java:53)\r\n\tat org.openqa.selenium.remote.HttpCommandExecutor.execute(HttpCommandExecutor.java:193)\r\n\tat org.openqa.selenium.remote.service.DriverCommandExecutor.invokeExecute(DriverCommandExecutor.java:183)\r\n\tat org.openqa.selenium.remote.service.DriverCommandExecutor.execute(DriverCommandExecutor.java:158)\r\n\tat org.openqa.selenium.remote.RemoteWebDriver.execute(RemoteWebDriver.java:543)\r\n\tat org.openqa.selenium.remote.RemoteWebElement.execute(RemoteWebElement.java:257)\r\n\tat org.openqa.selenium.remote.RemoteWebElement.sendKeys(RemoteWebElement.java:113)\r\n\tat java.base/jdk.internal.reflect.DirectMethodHandleAccessor.invoke(DirectMethodHandleAccessor.java:104)\r\n\tat java.base/java.lang.reflect.Method.invoke(Method.java:578)\r\n\tat org.openqa.selenium.support.pagefactory.internal.LocatingElementHandler.invoke(LocatingElementHandler.java:52)\r\n\tat jdk.proxy2/jdk.proxy2.$Proxy41.sendKeys(Unknown Source)\r\n\tat pageObjects.GraphPage_PF.tryEditorValidPythonCode(GraphPage_PF.java:109)\r\n\tat pageObjects.GraphPage_PF.graphPagePythonCodeValidationAndRun(GraphPage_PF.java:98)\r\n\tat stepDefinitions.graphSteps.user_enter_valid_python_code_in_try_editor_from_for_graph_topic_and_click_run_button(graphSteps.java:52)\r\n\tat ✽.User Enter valid Python code in tryEditor from  \"print 'Graph'\" for Graph topic and click Run button(file:///C:/Users/shiva/eclipse-workspace/DS_AlgoBDD/src/test/resources/Features/11Graph.feature:18)\r\n"},"stage":"finished","steps":[{"name":"When  User click \"Graph\" to select topics covered on Graph page","status":"passed","statusDetails":{"known":false,"muted":false,"flaky":false},"stage":"finished","steps":[],"attachments":[],"parameters":[],"start":1684789265051,"stop":1684789265406},{"name":"When  User clicks Try Here button in the  Graph of selected topic page","status":"passed","statusDetails":{"known":false,"muted":false,"flaky":false},"stage":"finished","steps":[],"attachments":[],"parameters":[],"start":1684789265407,"stop":1684789265830},{"name":"Then  User should be redirected tryEditor page title as \"Assessment\" with a Run button to test Python code","status":"passed","statusDetails":{"known":false,"muted":false,"flaky":false},"stage":"finished","steps":[],"attachments":[],"parameters":[],"start":1684789265830,"stop":1684789265839},{"name":"When  User Enter valid Python code in tryEditor from  \"print 'Graph'\" for Graph topic and click Run button","status":"broken","statusDetails":{"known":false,"muted":false,"flaky":false,"message":"element not interactable\n  (Session info: chrome=113.0.5672.127)\nBuild info: version: '4.8.3', revision: 'e5e76298c3'\nSystem info: os.name: 'Windows 11', os.arch: 'amd64', os.version: '10.0', java.version: '19.0.2'\nDriver info: org.openqa.selenium.chrome.ChromeDriver\nCommand: [338e8f1972821ac46c524ba7e25ef9ca, sendKeysToElement {id=575C60E6BEDAFB6229103000AED7CE36_element_785, value=[Ljava.lang.CharSequence;@76958827}]\nCapabilities {acceptInsecureCerts: false, browserName: chrome, browserVersion: 113.0.5672.127, chrome: {chromedriverVersion: 113.0.5672.63 (0e1a4471d5ae..., userDataDir: C:\\Users\\shiva\\AppData\\Loca...}, goog:chromeOptions: {debuggerAddress: localhost:54324}, networkConnectionEnabled: false, pageLoadStrategy: normal, platformName: WINDOWS, proxy: Proxy(), se:cdp: ws://localhost:54324/devtoo..., se:cdpVersion: 113.0.5672.127, setWindowRect: true, strictFileInteractability: false, timeouts: {implicit: 0, pageLoad: 300000, script: 30000}, unhandledPromptBehavior: dismiss and notify, webauthn:extension:credBlob: true, webauthn:extension:largeBlob: true, webauthn:extension:minPinLength: true, webauthn:extension:prf: true, webauthn:virtualAuthenticators: true}\nElement: [[ChromeDriver: chrome on WINDOWS (338e8f1972821ac46c524ba7e25ef9ca)] -> xpath: //form[@id='answer_form']/div/div/div/textarea]\nSession ID: 338e8f1972821ac46c524ba7e25ef9ca","trace":"org.openqa.selenium.ElementNotInteractableException: element not interactable\n  (Session info: chrome=113.0.5672.127)\nBuild info: version: '4.8.3', revision: 'e5e76298c3'\nSystem info: os.name: 'Windows 11', os.arch: 'amd64', os.version: '10.0', java.version: '19.0.2'\nDriver info: org.openqa.selenium.chrome.ChromeDriver\nCommand: [338e8f1972821ac46c524ba7e25ef9ca, sendKeysToElement {id=575C60E6BEDAFB6229103000AED7CE36_element_785, value=[Ljava.lang.CharSequence;@76958827}]\nCapabilities {acceptInsecureCerts: false, browserName: chrome, browserVersion: 113.0.5672.127, chrome: {chromedriverVersion: 113.0.5672.63 (0e1a4471d5ae..., userDataDir: C:\\Users\\shiva\\AppData\\Loca...}, goog:chromeOptions: {debuggerAddress: localhost:54324}, networkConnectionEnabled: false, pageLoadStrategy: normal, platformName: WINDOWS, proxy: Proxy(), se:cdp: ws://localhost:54324/devtoo..., se:cdpVersion: 113.0.5672.127, setWindowRect: true, strictFileInteractability: false, timeouts: {implicit: 0, pageLoad: 300000, script: 30000}, unhandledPromptBehavior: dismiss and notify, webauthn:extension:credBlob: true, webauthn:extension:largeBlob: true, webauthn:extension:minPinLength: true, webauthn:extension:prf: true, webauthn:virtualAuthenticators: true}\nElement: [[ChromeDriver: chrome on WINDOWS (338e8f1972821ac46c524ba7e25ef9ca)] -> xpath: //form[@id='answer_form']/div/div/div/textarea]\nSession ID: 338e8f1972821ac46c524ba7e25ef9ca\r\n\tat java.base/jdk.internal.reflect.DirectConstructorHandleAccessor.newInstance(DirectConstructorHandleAccessor.java:67)\r\n\tat java.base/java.lang.reflect.Constructor.newInstanceWithCaller(Constructor.java:500)\r\n\tat java.base/java.lang.reflect.Constructor.newInstance(Constructor.java:484)\r\n\tat org.openqa.selenium.remote.codec.w3c.W3CHttpResponseCodec.createException(W3CHttpResponseCodec.java:200)\r\n\tat org.openqa.selenium.remote.codec.w3c.W3CHttpResponseCodec.decode(W3CHttpResponseCodec.java:133)\r\n\tat org.openqa.selenium.remote.codec.w3c.W3CHttpResponseCodec.decode(W3CHttpResponseCodec.java:53)\r\n\tat org.openqa.selenium.remote.HttpCommandExecutor.execute(HttpCommandExecutor.java:193)\r\n\tat org.openqa.selenium.remote.service.DriverCommandExecutor.invokeExecute(DriverCommandExecutor.java:183)\r\n\tat org.openqa.selenium.remote.service.DriverCommandExecutor.execute(DriverCommandExecutor.java:158)\r\n\tat org.openqa.selenium.remote.RemoteWebDriver.execute(RemoteWebDriver.java:543)\r\n\tat org.openqa.selenium.remote.RemoteWebElement.execute(RemoteWebElement.java:257)\r\n\tat org.openqa.selenium.remote.RemoteWebElement.sendKeys(RemoteWebElement.java:113)\r\n\tat java.base/jdk.internal.reflect.DirectMethodHandleAccessor.invoke(DirectMethodHandleAccessor.java:104)\r\n\tat java.base/java.lang.reflect.Method.invoke(Method.java:578)\r\n\tat org.openqa.selenium.support.pagefactory.internal.LocatingElementHandler.invoke(LocatingElementHandler.java:52)\r\n\tat jdk.proxy2/jdk.proxy2.$Proxy41.sendKeys(Unknown Source)\r\n\tat pageObjects.GraphPage_PF.tryEditorValidPythonCode(GraphPage_PF.java:109)\r\n\tat pageObjects.GraphPage_PF.graphPagePythonCodeValidationAndRun(GraphPage_PF.java:98)\r\n\tat stepDefinitions.graphSteps.user_enter_valid_python_code_in_try_editor_from_for_graph_topic_and_click_run_button(graphSteps.java:52)\r\n\tat ✽.User Enter valid Python code in tryEditor from  \"print 'Graph'\" for Graph topic and click Run button(file:///C:/Users/shiva/eclipse-workspace/DS_AlgoBDD/src/test/resources/Features/11Graph.feature:18)\r\n"},"stage":"finished","steps":[],"attachments":[],"parameters":[],"start":1684789265839,"stop":1684789268037},{"name":"Then  User should be presented with the Run output for valid Python code and Message for for Graph Page","status":"skipped","statusDetails":{"known":false,"muted":false,"flaky":false},"stage":"finished","steps":[],"attachments":[],"parameters":[],"start":1684789268038,"stop":1684789268049},{"name":"When  User Enter Invalid Python code in tryEditor from  \"error Graph output\" for Graph topic and click Run button","status":"skipped","statusDetails":{"known":false,"muted":false,"flaky":false},"stage":"finished","steps":[],"attachments":[],"parameters":[],"start":1684789268050,"stop":1684789268050},{"name":"Then  User should be presented with alert and no runOutput for Invalid Python code for Graph Page","status":"skipped","statusDetails":{"known":false,"muted":false,"flaky":false},"stage":"finished","steps":[],"attachments":[],"parameters":[],"start":1684789268050,"stop":1684789268050},{"name":"And  User navigate back to Graph page of selected topic","status":"skipped","statusDetails":{"known":false,"muted":false,"flaky":false},"stage":"finished","steps":[],"attachments":[],"parameters":[],"start":1684789268050,"stop":1684789268050}],"attachments":[],"parameters":[{"name":"option","value":"Graph"},{"name":"ValidPythoncode","value":"print 'Graph'"},{"name":"InValidPythoncode","value":"error Graph output"}],"start":1684789265051,"stop":1684789268231}