<?xml version="1.0" encoding="UTF-8"?>
<testng-results ignored="0" total="69" passed="69" failed="0" skipped="0">
  <reporter-output>
  </reporter-output>
  <suite started-at="2023-05-22T16:38:29 CDT" name="Default suite" finished-at="2023-05-22T16:40:38 CDT" duration-ms="129299">
    <groups>
      <group name="cucumber">
        <method signature="AbstractTestNGCucumberTests.runScenario(io.cucumber.testng.PickleWrapper,io.cucumber.testng.FeatureWrapper)[pri:0, instance:runner.testRunner2@3e2055d6]" name="runScenario" class="io.cucumber.testng.AbstractTestNGCucumberTests"/>
      </group> <!-- cucumber -->
    </groups>
    <test started-at="2023-05-22T16:38:29 CDT" name="Default test" finished-at="2023-05-22T16:40:38 CDT" duration-ms="129299">
      <class name="runner.testRunner2">
        <test-method is-config="true" signature="setUpClass(org.testng.ITestContext)[pri:0, instance:runner.testRunner2@3e2055d6]" started-at="2023-05-22T16:38:29 CDT" name="setUpClass" finished-at="2023-05-22T16:38:30 CDT" duration-ms="764" status="PASS">
          <params>
            <param index="0">
              <value>
                <![CDATA[org.testng.TestRunner@14404be2]]>
              </value>
            </param>
          </params>
          <reporter-output>
          </reporter-output>
        </test-method> <!-- setUpClass -->
        <test-method signature="runScenario(io.cucumber.testng.PickleWrapper,io.cucumber.testng.FeatureWrapper)[pri:0, instance:runner.testRunner2@3e2055d6]" started-at="2023-05-22T16:38:30 CDT" name="runScenario" description="Runs Cucumber Scenarios" data-provider="scenarios" finished-at="2023-05-22T16:38:34 CDT" duration-ms="4531" status="PASS">
          <params>
            <param index="0">
              <value>
                <![CDATA["User launch Start page of an dsalgo project"]]>
              </value>
            </param>
            <param index="1">
              <value>
                <![CDATA["Optional[GetStart Page]"]]>
              </value>
            </param>
          </params>
          <reporter-output>
          </reporter-output>
        </test-method> <!-- runScenario -->
        <test-method signature="runScenario(io.cucumber.testng.PickleWrapper,io.cucumber.testng.FeatureWrapper)[pri:0, instance:runner.testRunner2@3e2055d6]" started-at="2023-05-22T16:38:34 CDT" name="runScenario" description="Runs Cucumber Scenarios" data-provider="scenarios" finished-at="2023-05-22T16:38:36 CDT" duration-ms="1417" status="PASS">
          <params>
            <param index="0">
              <value>
                <![CDATA["User is on Home page and click getstarted link/dropbox on  home page without sign in"]]>
              </value>
            </param>
            <param index="1">
              <value>
                <![CDATA["Optional[Home Page]"]]>
              </value>
            </param>
          </params>
          <reporter-output>
          </reporter-output>
        </test-method> <!-- runScenario -->
        <test-method signature="runScenario(io.cucumber.testng.PickleWrapper,io.cucumber.testng.FeatureWrapper)[pri:0, instance:runner.testRunner2@3e2055d6]" started-at="2023-05-22T16:38:36 CDT" name="runScenario" description="Runs Cucumber Scenarios" data-provider="scenarios" finished-at="2023-05-22T16:38:38 CDT" duration-ms="2653" status="PASS">
          <params>
            <param index="0">
              <value>
                <![CDATA["User click register button on Home page"]]>
              </value>
            </param>
            <param index="1">
              <value>
                <![CDATA["Optional[Register Page validation]"]]>
              </value>
            </param>
          </params>
          <reporter-output>
          </reporter-output>
        </test-method> <!-- runScenario -->
        <test-method signature="runScenario(io.cucumber.testng.PickleWrapper,io.cucumber.testng.FeatureWrapper)[pri:0, instance:runner.testRunner2@3e2055d6]" started-at="2023-05-22T16:38:38 CDT" name="runScenario" description="Runs Cucumber Scenarios" data-provider="scenarios" finished-at="2023-05-22T16:38:39 CDT" duration-ms="644" status="PASS">
          <params>
            <param index="0">
              <value>
                <![CDATA["User click register button with all fields blank"]]>
              </value>
            </param>
            <param index="1">
              <value>
                <![CDATA["Optional[Register Page validation]"]]>
              </value>
            </param>
          </params>
          <reporter-output>
          </reporter-output>
        </test-method> <!-- runScenario -->
        <test-method signature="runScenario(io.cucumber.testng.PickleWrapper,io.cucumber.testng.FeatureWrapper)[pri:0, instance:runner.testRunner2@3e2055d6]" started-at="2023-05-22T16:38:39 CDT" name="runScenario" description="Runs Cucumber Scenarios" data-provider="scenarios" finished-at="2023-05-22T16:38:40 CDT" duration-ms="623" status="PASS">
          <params>
            <param index="0">
              <value>
                <![CDATA["User click on register button with Password field blank"]]>
              </value>
            </param>
            <param index="1">
              <value>
                <![CDATA["Optional[Register Page validation]"]]>
              </value>
            </param>
          </params>
          <reporter-output>
          </reporter-output>
        </test-method> <!-- runScenario -->
        <test-method signature="runScenario(io.cucumber.testng.PickleWrapper,io.cucumber.testng.FeatureWrapper)[pri:0, instance:runner.testRunner2@3e2055d6]" started-at="2023-05-22T16:38:40 CDT" name="runScenario" description="Runs Cucumber Scenarios" data-provider="scenarios" finished-at="2023-05-22T16:38:40 CDT" duration-ms="661" status="PASS">
          <params>
            <param index="0">
              <value>
                <![CDATA["User click on register button with valid Username & Password and confirm Password field as blank"]]>
              </value>
            </param>
            <param index="1">
              <value>
                <![CDATA["Optional[Register Page validation]"]]>
              </value>
            </param>
          </params>
          <reporter-output>
          </reporter-output>
        </test-method> <!-- runScenario -->
        <test-method signature="runScenario(io.cucumber.testng.PickleWrapper,io.cucumber.testng.FeatureWrapper)[pri:0, instance:runner.testRunner2@3e2055d6]" started-at="2023-05-22T16:38:40 CDT" name="runScenario" description="Runs Cucumber Scenarios" data-provider="scenarios" finished-at="2023-05-22T16:38:43 CDT" duration-ms="2431" status="PASS">
          <params>
            <param index="0">
              <value>
                <![CDATA["The user is on Register Page and entered invalid user Details"]]>
              </value>
            </param>
            <param index="1">
              <value>
                <![CDATA["Optional[Register Page validation]"]]>
              </value>
            </param>
          </params>
          <reporter-output>
          </reporter-output>
        </test-method> <!-- runScenario -->
        <test-method signature="runScenario(io.cucumber.testng.PickleWrapper,io.cucumber.testng.FeatureWrapper)[pri:0, instance:runner.testRunner2@3e2055d6]" started-at="2023-05-22T16:38:43 CDT" name="runScenario" description="Runs Cucumber Scenarios" data-provider="scenarios" finished-at="2023-05-22T16:38:44 CDT" duration-ms="1098" status="PASS">
          <params>
            <param index="0">
              <value>
                <![CDATA["The user is on Register Page and entered invalid user Details"]]>
              </value>
            </param>
            <param index="1">
              <value>
                <![CDATA["Optional[Register Page validation]"]]>
              </value>
            </param>
          </params>
          <reporter-output>
          </reporter-output>
        </test-method> <!-- runScenario -->
        <test-method signature="runScenario(io.cucumber.testng.PickleWrapper,io.cucumber.testng.FeatureWrapper)[pri:0, instance:runner.testRunner2@3e2055d6]" started-at="2023-05-22T16:38:44 CDT" name="runScenario" description="Runs Cucumber Scenarios" data-provider="scenarios" finished-at="2023-05-22T16:38:45 CDT" duration-ms="1121" status="PASS">
          <params>
            <param index="0">
              <value>
                <![CDATA["The user is on Register Page and entered invalid user Details"]]>
              </value>
            </param>
            <param index="1">
              <value>
                <![CDATA["Optional[Register Page validation]"]]>
              </value>
            </param>
          </params>
          <reporter-output>
          </reporter-output>
        </test-method> <!-- runScenario -->
        <test-method signature="runScenario(io.cucumber.testng.PickleWrapper,io.cucumber.testng.FeatureWrapper)[pri:0, instance:runner.testRunner2@3e2055d6]" started-at="2023-05-22T16:38:45 CDT" name="runScenario" description="Runs Cucumber Scenarios" data-provider="scenarios" finished-at="2023-05-22T16:38:46 CDT" duration-ms="1131" status="PASS">
          <params>
            <param index="0">
              <value>
                <![CDATA["The user is on Register Page and entered invalid user Details"]]>
              </value>
            </param>
            <param index="1">
              <value>
                <![CDATA["Optional[Register Page validation]"]]>
              </value>
            </param>
          </params>
          <reporter-output>
          </reporter-output>
        </test-method> <!-- runScenario -->
        <test-method signature="runScenario(io.cucumber.testng.PickleWrapper,io.cucumber.testng.FeatureWrapper)[pri:0, instance:runner.testRunner2@3e2055d6]" started-at="2023-05-22T16:38:46 CDT" name="runScenario" description="Runs Cucumber Scenarios" data-provider="scenarios" finished-at="2023-05-22T16:38:49 CDT" duration-ms="3123" status="PASS">
          <params>
            <param index="0">
              <value>
                <![CDATA["The user opens Register Page and entered valid user Details"]]>
              </value>
            </param>
            <param index="1">
              <value>
                <![CDATA["Optional[Register Page validation]"]]>
              </value>
            </param>
          </params>
          <reporter-output>
          </reporter-output>
        </test-method> <!-- runScenario -->
        <test-method signature="runScenario(io.cucumber.testng.PickleWrapper,io.cucumber.testng.FeatureWrapper)[pri:0, instance:runner.testRunner2@3e2055d6]" started-at="2023-05-22T16:38:49 CDT" name="runScenario" description="Runs Cucumber Scenarios" data-provider="scenarios" finished-at="2023-05-22T16:38:52 CDT" duration-ms="2522" status="PASS">
          <params>
            <param index="0">
              <value>
                <![CDATA["User logout from application after registration"]]>
              </value>
            </param>
            <param index="1">
              <value>
                <![CDATA["Optional[Register Page validation]"]]>
              </value>
            </param>
          </params>
          <reporter-output>
          </reporter-output>
        </test-method> <!-- runScenario -->
        <test-method signature="runScenario(io.cucumber.testng.PickleWrapper,io.cucumber.testng.FeatureWrapper)[pri:0, instance:runner.testRunner2@3e2055d6]" started-at="2023-05-22T16:38:52 CDT" name="runScenario" description="Runs Cucumber Scenarios" data-provider="scenarios" finished-at="2023-05-22T16:38:57 CDT" duration-ms="5183" status="PASS">
          <params>
            <param index="0">
              <value>
                <![CDATA["User entered invalid login details on Login Page"]]>
              </value>
            </param>
            <param index="1">
              <value>
                <![CDATA["Optional[SignIn]"]]>
              </value>
            </param>
          </params>
          <reporter-output>
          </reporter-output>
        </test-method> <!-- runScenario -->
        <test-method signature="runScenario(io.cucumber.testng.PickleWrapper,io.cucumber.testng.FeatureWrapper)[pri:0, instance:runner.testRunner2@3e2055d6]" started-at="2023-05-22T16:38:57 CDT" name="runScenario" description="Runs Cucumber Scenarios" data-provider="scenarios" finished-at="2023-05-22T16:39:02 CDT" duration-ms="5518" status="PASS">
          <params>
            <param index="0">
              <value>
                <![CDATA["User entered invalid login details on Login Page"]]>
              </value>
            </param>
            <param index="1">
              <value>
                <![CDATA["Optional[SignIn]"]]>
              </value>
            </param>
          </params>
          <reporter-output>
          </reporter-output>
        </test-method> <!-- runScenario -->
        <test-method signature="runScenario(io.cucumber.testng.PickleWrapper,io.cucumber.testng.FeatureWrapper)[pri:0, instance:runner.testRunner2@3e2055d6]" started-at="2023-05-22T16:39:02 CDT" name="runScenario" description="Runs Cucumber Scenarios" data-provider="scenarios" finished-at="2023-05-22T16:39:10 CDT" duration-ms="7352" status="PASS">
          <params>
            <param index="0">
              <value>
                <![CDATA["User entered valid login details on Login Page"]]>
              </value>
            </param>
            <param index="1">
              <value>
                <![CDATA["Optional[SignIn]"]]>
              </value>
            </param>
          </params>
          <reporter-output>
          </reporter-output>
        </test-method> <!-- runScenario -->
        <test-method signature="runScenario(io.cucumber.testng.PickleWrapper,io.cucumber.testng.FeatureWrapper)[pri:0, instance:runner.testRunner2@3e2055d6]" started-at="2023-05-22T16:39:10 CDT" name="runScenario" description="Runs Cucumber Scenarios" data-provider="scenarios" finished-at="2023-05-22T16:39:15 CDT" duration-ms="5340" status="PASS">
          <params>
            <param index="0">
              <value>
                <![CDATA["User entered valid login details on Login Page and logged in"]]>
              </value>
            </param>
            <param index="1">
              <value>
                <![CDATA["Optional[Data Structure Intro]"]]>
              </value>
            </param>
          </params>
          <reporter-output>
          </reporter-output>
        </test-method> <!-- runScenario -->
        <test-method signature="runScenario(io.cucumber.testng.PickleWrapper,io.cucumber.testng.FeatureWrapper)[pri:0, instance:runner.testRunner2@3e2055d6]" started-at="2023-05-22T16:39:15 CDT" name="runScenario" description="Runs Cucumber Scenarios" data-provider="scenarios" finished-at="2023-05-22T16:39:18 CDT" duration-ms="2632" status="PASS">
          <params>
            <param index="0">
              <value>
                <![CDATA["User navigate to Data Structure Page for selected Topic and click on Try Here button"]]>
              </value>
            </param>
            <param index="1">
              <value>
                <![CDATA["Optional[Data Structure Intro]"]]>
              </value>
            </param>
          </params>
          <reporter-output>
          </reporter-output>
        </test-method> <!-- runScenario -->
        <test-method signature="runScenario(io.cucumber.testng.PickleWrapper,io.cucumber.testng.FeatureWrapper)[pri:0, instance:runner.testRunner2@3e2055d6]" started-at="2023-05-22T16:39:18 CDT" name="runScenario" description="Runs Cucumber Scenarios" data-provider="scenarios" finished-at="2023-05-22T16:39:18 CDT" duration-ms="632" status="PASS">
          <params>
            <param index="0">
              <value>
                <![CDATA["User enter valid and invalid python code in tryEditor"]]>
              </value>
            </param>
            <param index="1">
              <value>
                <![CDATA["Optional[Data Structure Intro]"]]>
              </value>
            </param>
          </params>
          <reporter-output>
          </reporter-output>
        </test-method> <!-- runScenario -->
        <test-method signature="runScenario(io.cucumber.testng.PickleWrapper,io.cucumber.testng.FeatureWrapper)[pri:0, instance:runner.testRunner2@3e2055d6]" started-at="2023-05-22T16:39:18 CDT" name="runScenario" description="Runs Cucumber Scenarios" data-provider="scenarios" finished-at="2023-05-22T16:39:19 CDT" duration-ms="536" status="PASS">
          <params>
            <param index="0">
              <value>
                <![CDATA["User enter valid and invalid python code in tryEditor"]]>
              </value>
            </param>
            <param index="1">
              <value>
                <![CDATA["Optional[Data Structure Intro]"]]>
              </value>
            </param>
          </params>
          <reporter-output>
          </reporter-output>
        </test-method> <!-- runScenario -->
        <test-method signature="runScenario(io.cucumber.testng.PickleWrapper,io.cucumber.testng.FeatureWrapper)[pri:0, instance:runner.testRunner2@3e2055d6]" started-at="2023-05-22T16:39:19 CDT" name="runScenario" description="Runs Cucumber Scenarios" data-provider="scenarios" finished-at="2023-05-22T16:39:19 CDT" duration-ms="381" status="PASS">
          <params>
            <param index="0">
              <value>
                <![CDATA["User navigate to Data Structure from dropdown and try Practice Question Page"]]>
              </value>
            </param>
            <param index="1">
              <value>
                <![CDATA["Optional[Data Structure Intro]"]]>
              </value>
            </param>
          </params>
          <reporter-output>
          </reporter-output>
        </test-method> <!-- runScenario -->
        <test-method signature="runScenario(io.cucumber.testng.PickleWrapper,io.cucumber.testng.FeatureWrapper)[pri:0, instance:runner.testRunner2@3e2055d6]" started-at="2023-05-22T16:39:19 CDT" name="runScenario" description="Runs Cucumber Scenarios" data-provider="scenarios" finished-at="2023-05-22T16:39:20 CDT" duration-ms="476" status="PASS">
          <params>
            <param index="0">
              <value>
                <![CDATA["User validate dropbox"]]>
              </value>
            </param>
            <param index="1">
              <value>
                <![CDATA["Optional[Array Page]"]]>
              </value>
            </param>
          </params>
          <reporter-output>
          </reporter-output>
        </test-method> <!-- runScenario -->
        <test-method signature="runScenario(io.cucumber.testng.PickleWrapper,io.cucumber.testng.FeatureWrapper)[pri:0, instance:runner.testRunner2@3e2055d6]" started-at="2023-05-22T16:39:20 CDT" name="runScenario" description="Runs Cucumber Scenarios" data-provider="scenarios" finished-at="2023-05-22T16:39:23 CDT" duration-ms="2931" status="PASS">
          <params>
            <param index="0">
              <value>
                <![CDATA["User validate ArrayPage"]]>
              </value>
            </param>
            <param index="1">
              <value>
                <![CDATA["Optional[Array Page]"]]>
              </value>
            </param>
          </params>
          <reporter-output>
          </reporter-output>
        </test-method> <!-- runScenario -->
        <test-method signature="runScenario(io.cucumber.testng.PickleWrapper,io.cucumber.testng.FeatureWrapper)[pri:0, instance:runner.testRunner2@3e2055d6]" started-at="2023-05-22T16:39:23 CDT" name="runScenario" description="Runs Cucumber Scenarios" data-provider="scenarios" finished-at="2023-05-22T16:39:25 CDT" duration-ms="2284" status="PASS">
          <params>
            <param index="0">
              <value>
                <![CDATA["User validate ArrayPage"]]>
              </value>
            </param>
            <param index="1">
              <value>
                <![CDATA["Optional[Array Page]"]]>
              </value>
            </param>
          </params>
          <reporter-output>
          </reporter-output>
        </test-method> <!-- runScenario -->
        <test-method signature="runScenario(io.cucumber.testng.PickleWrapper,io.cucumber.testng.FeatureWrapper)[pri:0, instance:runner.testRunner2@3e2055d6]" started-at="2023-05-22T16:39:25 CDT" name="runScenario" description="Runs Cucumber Scenarios" data-provider="scenarios" finished-at="2023-05-22T16:39:27 CDT" duration-ms="2296" status="PASS">
          <params>
            <param index="0">
              <value>
                <![CDATA["User validate ArrayPage"]]>
              </value>
            </param>
            <param index="1">
              <value>
                <![CDATA["Optional[Array Page]"]]>
              </value>
            </param>
          </params>
          <reporter-output>
          </reporter-output>
        </test-method> <!-- runScenario -->
        <test-method signature="runScenario(io.cucumber.testng.PickleWrapper,io.cucumber.testng.FeatureWrapper)[pri:0, instance:runner.testRunner2@3e2055d6]" started-at="2023-05-22T16:39:27 CDT" name="runScenario" description="Runs Cucumber Scenarios" data-provider="scenarios" finished-at="2023-05-22T16:39:30 CDT" duration-ms="2281" status="PASS">
          <params>
            <param index="0">
              <value>
                <![CDATA["User validate ArrayPage"]]>
              </value>
            </param>
            <param index="1">
              <value>
                <![CDATA["Optional[Array Page]"]]>
              </value>
            </param>
          </params>
          <reporter-output>
          </reporter-output>
        </test-method> <!-- runScenario -->
        <test-method signature="runScenario(io.cucumber.testng.PickleWrapper,io.cucumber.testng.FeatureWrapper)[pri:0, instance:runner.testRunner2@3e2055d6]" started-at="2023-05-22T16:39:30 CDT" name="runScenario" description="Runs Cucumber Scenarios" data-provider="scenarios" finished-at="2023-05-22T16:39:30 CDT" duration-ms="442" status="PASS">
          <params>
            <param index="0">
              <value>
                <![CDATA["PracticeQuestion Page"]]>
              </value>
            </param>
            <param index="1">
              <value>
                <![CDATA["Optional[Array Page]"]]>
              </value>
            </param>
          </params>
          <reporter-output>
          </reporter-output>
        </test-method> <!-- runScenario -->
        <test-method signature="runScenario(io.cucumber.testng.PickleWrapper,io.cucumber.testng.FeatureWrapper)[pri:0, instance:runner.testRunner2@3e2055d6]" started-at="2023-05-22T16:39:30 CDT" name="runScenario" description="Runs Cucumber Scenarios" data-provider="scenarios" finished-at="2023-05-22T16:39:31 CDT" duration-ms="1451" status="PASS">
          <params>
            <param index="0">
              <value>
                <![CDATA["User validate PracticeQuestion Array Page"]]>
              </value>
            </param>
            <param index="1">
              <value>
                <![CDATA["Optional[Array Page]"]]>
              </value>
            </param>
          </params>
          <reporter-output>
          </reporter-output>
        </test-method> <!-- runScenario -->
        <test-method signature="runScenario(io.cucumber.testng.PickleWrapper,io.cucumber.testng.FeatureWrapper)[pri:0, instance:runner.testRunner2@3e2055d6]" started-at="2023-05-22T16:39:31 CDT" name="runScenario" description="Runs Cucumber Scenarios" data-provider="scenarios" finished-at="2023-05-22T16:39:33 CDT" duration-ms="1248" status="PASS">
          <params>
            <param index="0">
              <value>
                <![CDATA["User validate PracticeQuestion Array Page"]]>
              </value>
            </param>
            <param index="1">
              <value>
                <![CDATA["Optional[Array Page]"]]>
              </value>
            </param>
          </params>
          <reporter-output>
          </reporter-output>
        </test-method> <!-- runScenario -->
        <test-method signature="runScenario(io.cucumber.testng.PickleWrapper,io.cucumber.testng.FeatureWrapper)[pri:0, instance:runner.testRunner2@3e2055d6]" started-at="2023-05-22T16:39:33 CDT" name="runScenario" description="Runs Cucumber Scenarios" data-provider="scenarios" finished-at="2023-05-22T16:39:34 CDT" duration-ms="1402" status="PASS">
          <params>
            <param index="0">
              <value>
                <![CDATA["User validate PracticeQuestion Array Page"]]>
              </value>
            </param>
            <param index="1">
              <value>
                <![CDATA["Optional[Array Page]"]]>
              </value>
            </param>
          </params>
          <reporter-output>
          </reporter-output>
        </test-method> <!-- runScenario -->
        <test-method signature="runScenario(io.cucumber.testng.PickleWrapper,io.cucumber.testng.FeatureWrapper)[pri:0, instance:runner.testRunner2@3e2055d6]" started-at="2023-05-22T16:39:34 CDT" name="runScenario" description="Runs Cucumber Scenarios" data-provider="scenarios" finished-at="2023-05-22T16:39:35 CDT" duration-ms="1319" status="PASS">
          <params>
            <param index="0">
              <value>
                <![CDATA["User validate PracticeQuestion Array Page"]]>
              </value>
            </param>
            <param index="1">
              <value>
                <![CDATA["Optional[Array Page]"]]>
              </value>
            </param>
          </params>
          <reporter-output>
          </reporter-output>
        </test-method> <!-- runScenario -->
        <test-method signature="runScenario(io.cucumber.testng.PickleWrapper,io.cucumber.testng.FeatureWrapper)[pri:0, instance:runner.testRunner2@3e2055d6]" started-at="2023-05-22T16:39:35 CDT" name="runScenario" description="Runs Cucumber Scenarios" data-provider="scenarios" finished-at="2023-05-22T16:39:36 CDT" duration-ms="582" status="PASS">
          <params>
            <param index="0">
              <value>
                <![CDATA["User navigate to Linked List Page for selected Topic"]]>
              </value>
            </param>
            <param index="1">
              <value>
                <![CDATA["Optional[Linked List]"]]>
              </value>
            </param>
          </params>
          <reporter-output>
          </reporter-output>
        </test-method> <!-- runScenario -->
        <test-method signature="runScenario(io.cucumber.testng.PickleWrapper,io.cucumber.testng.FeatureWrapper)[pri:0, instance:runner.testRunner2@3e2055d6]" started-at="2023-05-22T16:39:36 CDT" name="runScenario" description="Runs Cucumber Scenarios" data-provider="scenarios" finished-at="2023-05-22T16:39:38 CDT" duration-ms="1732" status="PASS">
          <params>
            <param index="0">
              <value>
                <![CDATA["User click on Try Here button and enter valid and invalid python code in tryEditor for LinkedList"]]>
              </value>
            </param>
            <param index="1">
              <value>
                <![CDATA["Optional[Linked List]"]]>
              </value>
            </param>
          </params>
          <reporter-output>
          </reporter-output>
        </test-method> <!-- runScenario -->
        <test-method signature="runScenario(io.cucumber.testng.PickleWrapper,io.cucumber.testng.FeatureWrapper)[pri:0, instance:runner.testRunner2@3e2055d6]" started-at="2023-05-22T16:39:38 CDT" name="runScenario" description="Runs Cucumber Scenarios" data-provider="scenarios" finished-at="2023-05-22T16:39:39 CDT" duration-ms="1516" status="PASS">
          <params>
            <param index="0">
              <value>
                <![CDATA["User click on Try Here button and enter valid and invalid python code in tryEditor for LinkedList"]]>
              </value>
            </param>
            <param index="1">
              <value>
                <![CDATA["Optional[Linked List]"]]>
              </value>
            </param>
          </params>
          <reporter-output>
          </reporter-output>
        </test-method> <!-- runScenario -->
        <test-method signature="runScenario(io.cucumber.testng.PickleWrapper,io.cucumber.testng.FeatureWrapper)[pri:0, instance:runner.testRunner2@3e2055d6]" started-at="2023-05-22T16:39:39 CDT" name="runScenario" description="Runs Cucumber Scenarios" data-provider="scenarios" finished-at="2023-05-22T16:39:41 CDT" duration-ms="1785" status="PASS">
          <params>
            <param index="0">
              <value>
                <![CDATA["User click on Try Here button and enter valid and invalid python code in tryEditor for LinkedList"]]>
              </value>
            </param>
            <param index="1">
              <value>
                <![CDATA["Optional[Linked List]"]]>
              </value>
            </param>
          </params>
          <reporter-output>
          </reporter-output>
        </test-method> <!-- runScenario -->
        <test-method signature="runScenario(io.cucumber.testng.PickleWrapper,io.cucumber.testng.FeatureWrapper)[pri:0, instance:runner.testRunner2@3e2055d6]" started-at="2023-05-22T16:39:41 CDT" name="runScenario" description="Runs Cucumber Scenarios" data-provider="scenarios" finished-at="2023-05-22T16:39:43 CDT" duration-ms="1954" status="PASS">
          <params>
            <param index="0">
              <value>
                <![CDATA["User click on Try Here button and enter valid and invalid python code in tryEditor for LinkedList"]]>
              </value>
            </param>
            <param index="1">
              <value>
                <![CDATA["Optional[Linked List]"]]>
              </value>
            </param>
          </params>
          <reporter-output>
          </reporter-output>
        </test-method> <!-- runScenario -->
        <test-method signature="runScenario(io.cucumber.testng.PickleWrapper,io.cucumber.testng.FeatureWrapper)[pri:0, instance:runner.testRunner2@3e2055d6]" started-at="2023-05-22T16:39:43 CDT" name="runScenario" description="Runs Cucumber Scenarios" data-provider="scenarios" finished-at="2023-05-22T16:39:45 CDT" duration-ms="1803" status="PASS">
          <params>
            <param index="0">
              <value>
                <![CDATA["User click on Try Here button and enter valid and invalid python code in tryEditor for LinkedList"]]>
              </value>
            </param>
            <param index="1">
              <value>
                <![CDATA["Optional[Linked List]"]]>
              </value>
            </param>
          </params>
          <reporter-output>
          </reporter-output>
        </test-method> <!-- runScenario -->
        <test-method signature="runScenario(io.cucumber.testng.PickleWrapper,io.cucumber.testng.FeatureWrapper)[pri:0, instance:runner.testRunner2@3e2055d6]" started-at="2023-05-22T16:39:45 CDT" name="runScenario" description="Runs Cucumber Scenarios" data-provider="scenarios" finished-at="2023-05-22T16:39:47 CDT" duration-ms="2418" status="PASS">
          <params>
            <param index="0">
              <value>
                <![CDATA["User click on Try Here button and enter valid and invalid python code in tryEditor for LinkedList"]]>
              </value>
            </param>
            <param index="1">
              <value>
                <![CDATA["Optional[Linked List]"]]>
              </value>
            </param>
          </params>
          <reporter-output>
          </reporter-output>
        </test-method> <!-- runScenario -->
        <test-method signature="runScenario(io.cucumber.testng.PickleWrapper,io.cucumber.testng.FeatureWrapper)[pri:0, instance:runner.testRunner2@3e2055d6]" started-at="2023-05-22T16:39:47 CDT" name="runScenario" description="Runs Cucumber Scenarios" data-provider="scenarios" finished-at="2023-05-22T16:39:50 CDT" duration-ms="2871" status="PASS">
          <params>
            <param index="0">
              <value>
                <![CDATA["User click on Try Here button and enter valid and invalid python code in tryEditor for LinkedList"]]>
              </value>
            </param>
            <param index="1">
              <value>
                <![CDATA["Optional[Linked List]"]]>
              </value>
            </param>
          </params>
          <reporter-output>
          </reporter-output>
        </test-method> <!-- runScenario -->
        <test-method signature="runScenario(io.cucumber.testng.PickleWrapper,io.cucumber.testng.FeatureWrapper)[pri:0, instance:runner.testRunner2@3e2055d6]" started-at="2023-05-22T16:39:50 CDT" name="runScenario" description="Runs Cucumber Scenarios" data-provider="scenarios" finished-at="2023-05-22T16:39:50 CDT" duration-ms="321" status="PASS">
          <params>
            <param index="0">
              <value>
                <![CDATA["User navigate back to selected LinkedList Topic Page and try Practice Question Page"]]>
              </value>
            </param>
            <param index="1">
              <value>
                <![CDATA["Optional[Linked List]"]]>
              </value>
            </param>
          </params>
          <reporter-output>
          </reporter-output>
        </test-method> <!-- runScenario -->
        <test-method signature="runScenario(io.cucumber.testng.PickleWrapper,io.cucumber.testng.FeatureWrapper)[pri:0, instance:runner.testRunner2@3e2055d6]" started-at="2023-05-22T16:39:50 CDT" name="runScenario" description="Runs Cucumber Scenarios" data-provider="scenarios" finished-at="2023-05-22T16:39:51 CDT" duration-ms="767" status="PASS">
          <params>
            <param index="0">
              <value>
                <![CDATA["User navigate to Stack Page for selected Topic"]]>
              </value>
            </param>
            <param index="1">
              <value>
                <![CDATA["Optional[Stack]"]]>
              </value>
            </param>
          </params>
          <reporter-output>
          </reporter-output>
        </test-method> <!-- runScenario -->
        <test-method signature="runScenario(io.cucumber.testng.PickleWrapper,io.cucumber.testng.FeatureWrapper)[pri:0, instance:runner.testRunner2@3e2055d6]" started-at="2023-05-22T16:39:51 CDT" name="runScenario" description="Runs Cucumber Scenarios" data-provider="scenarios" finished-at="2023-05-22T16:39:53 CDT" duration-ms="1576" status="PASS">
          <params>
            <param index="0">
              <value>
                <![CDATA["User click on Try Here button and enter valid and invalid python code in tryEditor for Stack"]]>
              </value>
            </param>
            <param index="1">
              <value>
                <![CDATA["Optional[Stack]"]]>
              </value>
            </param>
          </params>
          <reporter-output>
          </reporter-output>
        </test-method> <!-- runScenario -->
        <test-method signature="runScenario(io.cucumber.testng.PickleWrapper,io.cucumber.testng.FeatureWrapper)[pri:0, instance:runner.testRunner2@3e2055d6]" started-at="2023-05-22T16:39:53 CDT" name="runScenario" description="Runs Cucumber Scenarios" data-provider="scenarios" finished-at="2023-05-22T16:39:54 CDT" duration-ms="1400" status="PASS">
          <params>
            <param index="0">
              <value>
                <![CDATA["User click on Try Here button and enter valid and invalid python code in tryEditor for Stack"]]>
              </value>
            </param>
            <param index="1">
              <value>
                <![CDATA["Optional[Stack]"]]>
              </value>
            </param>
          </params>
          <reporter-output>
          </reporter-output>
        </test-method> <!-- runScenario -->
        <test-method signature="runScenario(io.cucumber.testng.PickleWrapper,io.cucumber.testng.FeatureWrapper)[pri:0, instance:runner.testRunner2@3e2055d6]" started-at="2023-05-22T16:39:54 CDT" name="runScenario" description="Runs Cucumber Scenarios" data-provider="scenarios" finished-at="2023-05-22T16:39:56 CDT" duration-ms="1848" status="PASS">
          <params>
            <param index="0">
              <value>
                <![CDATA["User click on Try Here button and enter valid and invalid python code in tryEditor for Stack"]]>
              </value>
            </param>
            <param index="1">
              <value>
                <![CDATA["Optional[Stack]"]]>
              </value>
            </param>
          </params>
          <reporter-output>
          </reporter-output>
        </test-method> <!-- runScenario -->
        <test-method signature="runScenario(io.cucumber.testng.PickleWrapper,io.cucumber.testng.FeatureWrapper)[pri:0, instance:runner.testRunner2@3e2055d6]" started-at="2023-05-22T16:39:56 CDT" name="runScenario" description="Runs Cucumber Scenarios" data-provider="scenarios" finished-at="2023-05-22T16:39:56 CDT" duration-ms="346" status="PASS">
          <params>
            <param index="0">
              <value>
                <![CDATA["User navigate back to selected Stack Topic Page and try Practice Question Page"]]>
              </value>
            </param>
            <param index="1">
              <value>
                <![CDATA["Optional[Stack]"]]>
              </value>
            </param>
          </params>
          <reporter-output>
          </reporter-output>
        </test-method> <!-- runScenario -->
        <test-method signature="runScenario(io.cucumber.testng.PickleWrapper,io.cucumber.testng.FeatureWrapper)[pri:0, instance:runner.testRunner2@3e2055d6]" started-at="2023-05-22T16:39:56 CDT" name="runScenario" description="Runs Cucumber Scenarios" data-provider="scenarios" finished-at="2023-05-22T16:39:57 CDT" duration-ms="906" status="PASS">
          <params>
            <param index="0">
              <value>
                <![CDATA["User navigate to Queue Page for selected Topic and click on Try Here button"]]>
              </value>
            </param>
            <param index="1">
              <value>
                <![CDATA["Optional[Queue]"]]>
              </value>
            </param>
          </params>
          <reporter-output>
          </reporter-output>
        </test-method> <!-- runScenario -->
        <test-method signature="runScenario(io.cucumber.testng.PickleWrapper,io.cucumber.testng.FeatureWrapper)[pri:0, instance:runner.testRunner2@3e2055d6]" started-at="2023-05-22T16:39:57 CDT" name="runScenario" description="Runs Cucumber Scenarios" data-provider="scenarios" finished-at="2023-05-22T16:39:59 CDT" duration-ms="1797" status="PASS">
          <params>
            <param index="0">
              <value>
                <![CDATA["User click on Try Here button and enter valid and invalid python code in tryEditor for Queue"]]>
              </value>
            </param>
            <param index="1">
              <value>
                <![CDATA["Optional[Queue]"]]>
              </value>
            </param>
          </params>
          <reporter-output>
          </reporter-output>
        </test-method> <!-- runScenario -->
        <test-method signature="runScenario(io.cucumber.testng.PickleWrapper,io.cucumber.testng.FeatureWrapper)[pri:0, instance:runner.testRunner2@3e2055d6]" started-at="2023-05-22T16:39:59 CDT" name="runScenario" description="Runs Cucumber Scenarios" data-provider="scenarios" finished-at="2023-05-22T16:40:01 CDT" duration-ms="1794" status="PASS">
          <params>
            <param index="0">
              <value>
                <![CDATA["User click on Try Here button and enter valid and invalid python code in tryEditor for Queue"]]>
              </value>
            </param>
            <param index="1">
              <value>
                <![CDATA["Optional[Queue]"]]>
              </value>
            </param>
          </params>
          <reporter-output>
          </reporter-output>
        </test-method> <!-- runScenario -->
        <test-method signature="runScenario(io.cucumber.testng.PickleWrapper,io.cucumber.testng.FeatureWrapper)[pri:0, instance:runner.testRunner2@3e2055d6]" started-at="2023-05-22T16:40:01 CDT" name="runScenario" description="Runs Cucumber Scenarios" data-provider="scenarios" finished-at="2023-05-22T16:40:03 CDT" duration-ms="1862" status="PASS">
          <params>
            <param index="0">
              <value>
                <![CDATA["User click on Try Here button and enter valid and invalid python code in tryEditor for Queue"]]>
              </value>
            </param>
            <param index="1">
              <value>
                <![CDATA["Optional[Queue]"]]>
              </value>
            </param>
          </params>
          <reporter-output>
          </reporter-output>
        </test-method> <!-- runScenario -->
        <test-method signature="runScenario(io.cucumber.testng.PickleWrapper,io.cucumber.testng.FeatureWrapper)[pri:0, instance:runner.testRunner2@3e2055d6]" started-at="2023-05-22T16:40:03 CDT" name="runScenario" description="Runs Cucumber Scenarios" data-provider="scenarios" finished-at="2023-05-22T16:40:04 CDT" duration-ms="1649" status="PASS">
          <params>
            <param index="0">
              <value>
                <![CDATA["User click on Try Here button and enter valid and invalid python code in tryEditor for Queue"]]>
              </value>
            </param>
            <param index="1">
              <value>
                <![CDATA["Optional[Queue]"]]>
              </value>
            </param>
          </params>
          <reporter-output>
          </reporter-output>
        </test-method> <!-- runScenario -->
        <test-method signature="runScenario(io.cucumber.testng.PickleWrapper,io.cucumber.testng.FeatureWrapper)[pri:0, instance:runner.testRunner2@3e2055d6]" started-at="2023-05-22T16:40:04 CDT" name="runScenario" description="Runs Cucumber Scenarios" data-provider="scenarios" finished-at="2023-05-22T16:40:05 CDT" duration-ms="366" status="PASS">
          <params>
            <param index="0">
              <value>
                <![CDATA["User navigate back to selected Queue Topic Page and try Practice Question Page"]]>
              </value>
            </param>
            <param index="1">
              <value>
                <![CDATA["Optional[Queue]"]]>
              </value>
            </param>
          </params>
          <reporter-output>
          </reporter-output>
        </test-method> <!-- runScenario -->
        <test-method signature="runScenario(io.cucumber.testng.PickleWrapper,io.cucumber.testng.FeatureWrapper)[pri:0, instance:runner.testRunner2@3e2055d6]" started-at="2023-05-22T16:40:05 CDT" name="runScenario" description="Runs Cucumber Scenarios" data-provider="scenarios" finished-at="2023-05-22T16:40:06 CDT" duration-ms="1544" status="PASS">
          <params>
            <param index="0">
              <value>
                <![CDATA["User navigate to Tree Page for selected Topic  and click on Try Here button"]]>
              </value>
            </param>
            <param index="1">
              <value>
                <![CDATA["Optional[Tree]"]]>
              </value>
            </param>
          </params>
          <reporter-output>
          </reporter-output>
        </test-method> <!-- runScenario -->
        <test-method signature="runScenario(io.cucumber.testng.PickleWrapper,io.cucumber.testng.FeatureWrapper)[pri:0, instance:runner.testRunner2@3e2055d6]" started-at="2023-05-22T16:40:06 CDT" name="runScenario" description="Runs Cucumber Scenarios" data-provider="scenarios" finished-at="2023-05-22T16:40:09 CDT" duration-ms="2423" status="PASS">
          <params>
            <param index="0">
              <value>
                <![CDATA["User click on Try Here button and enter valid and invalid python code in tryEditor for Tree"]]>
              </value>
            </param>
            <param index="1">
              <value>
                <![CDATA["Optional[Tree]"]]>
              </value>
            </param>
          </params>
          <reporter-output>
          </reporter-output>
        </test-method> <!-- runScenario -->
        <test-method signature="runScenario(io.cucumber.testng.PickleWrapper,io.cucumber.testng.FeatureWrapper)[pri:0, instance:runner.testRunner2@3e2055d6]" started-at="2023-05-22T16:40:09 CDT" name="runScenario" description="Runs Cucumber Scenarios" data-provider="scenarios" finished-at="2023-05-22T16:40:11 CDT" duration-ms="1824" status="PASS">
          <params>
            <param index="0">
              <value>
                <![CDATA["User click on Try Here button and enter valid and invalid python code in tryEditor for Tree"]]>
              </value>
            </param>
            <param index="1">
              <value>
                <![CDATA["Optional[Tree]"]]>
              </value>
            </param>
          </params>
          <reporter-output>
          </reporter-output>
        </test-method> <!-- runScenario -->
        <test-method signature="runScenario(io.cucumber.testng.PickleWrapper,io.cucumber.testng.FeatureWrapper)[pri:0, instance:runner.testRunner2@3e2055d6]" started-at="2023-05-22T16:40:11 CDT" name="runScenario" description="Runs Cucumber Scenarios" data-provider="scenarios" finished-at="2023-05-22T16:40:13 CDT" duration-ms="1923" status="PASS">
          <params>
            <param index="0">
              <value>
                <![CDATA["User click on Try Here button and enter valid and invalid python code in tryEditor for Tree"]]>
              </value>
            </param>
            <param index="1">
              <value>
                <![CDATA["Optional[Tree]"]]>
              </value>
            </param>
          </params>
          <reporter-output>
          </reporter-output>
        </test-method> <!-- runScenario -->
        <test-method signature="runScenario(io.cucumber.testng.PickleWrapper,io.cucumber.testng.FeatureWrapper)[pri:0, instance:runner.testRunner2@3e2055d6]" started-at="2023-05-22T16:40:13 CDT" name="runScenario" description="Runs Cucumber Scenarios" data-provider="scenarios" finished-at="2023-05-22T16:40:15 CDT" duration-ms="2167" status="PASS">
          <params>
            <param index="0">
              <value>
                <![CDATA["User click on Try Here button and enter valid and invalid python code in tryEditor for Tree"]]>
              </value>
            </param>
            <param index="1">
              <value>
                <![CDATA["Optional[Tree]"]]>
              </value>
            </param>
          </params>
          <reporter-output>
          </reporter-output>
        </test-method> <!-- runScenario -->
        <test-method signature="runScenario(io.cucumber.testng.PickleWrapper,io.cucumber.testng.FeatureWrapper)[pri:0, instance:runner.testRunner2@3e2055d6]" started-at="2023-05-22T16:40:15 CDT" name="runScenario" description="Runs Cucumber Scenarios" data-provider="scenarios" finished-at="2023-05-22T16:40:17 CDT" duration-ms="2064" status="PASS">
          <params>
            <param index="0">
              <value>
                <![CDATA["User click on Try Here button and enter valid and invalid python code in tryEditor for Tree"]]>
              </value>
            </param>
            <param index="1">
              <value>
                <![CDATA["Optional[Tree]"]]>
              </value>
            </param>
          </params>
          <reporter-output>
          </reporter-output>
        </test-method> <!-- runScenario -->
        <test-method signature="runScenario(io.cucumber.testng.PickleWrapper,io.cucumber.testng.FeatureWrapper)[pri:0, instance:runner.testRunner2@3e2055d6]" started-at="2023-05-22T16:40:17 CDT" name="runScenario" description="Runs Cucumber Scenarios" data-provider="scenarios" finished-at="2023-05-22T16:40:19 CDT" duration-ms="2376" status="PASS">
          <params>
            <param index="0">
              <value>
                <![CDATA["User click on Try Here button and enter valid and invalid python code in tryEditor for Tree"]]>
              </value>
            </param>
            <param index="1">
              <value>
                <![CDATA["Optional[Tree]"]]>
              </value>
            </param>
          </params>
          <reporter-output>
          </reporter-output>
        </test-method> <!-- runScenario -->
        <test-method signature="runScenario(io.cucumber.testng.PickleWrapper,io.cucumber.testng.FeatureWrapper)[pri:0, instance:runner.testRunner2@3e2055d6]" started-at="2023-05-22T16:40:19 CDT" name="runScenario" description="Runs Cucumber Scenarios" data-provider="scenarios" finished-at="2023-05-22T16:40:21 CDT" duration-ms="1880" status="PASS">
          <params>
            <param index="0">
              <value>
                <![CDATA["User click on Try Here button and enter valid and invalid python code in tryEditor for Tree"]]>
              </value>
            </param>
            <param index="1">
              <value>
                <![CDATA["Optional[Tree]"]]>
              </value>
            </param>
          </params>
          <reporter-output>
          </reporter-output>
        </test-method> <!-- runScenario -->
        <test-method signature="runScenario(io.cucumber.testng.PickleWrapper,io.cucumber.testng.FeatureWrapper)[pri:0, instance:runner.testRunner2@3e2055d6]" started-at="2023-05-22T16:40:21 CDT" name="runScenario" description="Runs Cucumber Scenarios" data-provider="scenarios" finished-at="2023-05-22T16:40:23 CDT" duration-ms="1886" status="PASS">
          <params>
            <param index="0">
              <value>
                <![CDATA["User click on Try Here button and enter valid and invalid python code in tryEditor for Tree"]]>
              </value>
            </param>
            <param index="1">
              <value>
                <![CDATA["Optional[Tree]"]]>
              </value>
            </param>
          </params>
          <reporter-output>
          </reporter-output>
        </test-method> <!-- runScenario -->
        <test-method signature="runScenario(io.cucumber.testng.PickleWrapper,io.cucumber.testng.FeatureWrapper)[pri:0, instance:runner.testRunner2@3e2055d6]" started-at="2023-05-22T16:40:23 CDT" name="runScenario" description="Runs Cucumber Scenarios" data-provider="scenarios" finished-at="2023-05-22T16:40:25 CDT" duration-ms="1882" status="PASS">
          <params>
            <param index="0">
              <value>
                <![CDATA["User click on Try Here button and enter valid and invalid python code in tryEditor for Tree"]]>
              </value>
            </param>
            <param index="1">
              <value>
                <![CDATA["Optional[Tree]"]]>
              </value>
            </param>
          </params>
          <reporter-output>
          </reporter-output>
        </test-method> <!-- runScenario -->
        <test-method signature="runScenario(io.cucumber.testng.PickleWrapper,io.cucumber.testng.FeatureWrapper)[pri:0, instance:runner.testRunner2@3e2055d6]" started-at="2023-05-22T16:40:25 CDT" name="runScenario" description="Runs Cucumber Scenarios" data-provider="scenarios" finished-at="2023-05-22T16:40:27 CDT" duration-ms="2021" status="PASS">
          <params>
            <param index="0">
              <value>
                <![CDATA["User click on Try Here button and enter valid and invalid python code in tryEditor for Tree"]]>
              </value>
            </param>
            <param index="1">
              <value>
                <![CDATA["Optional[Tree]"]]>
              </value>
            </param>
          </params>
          <reporter-output>
          </reporter-output>
        </test-method> <!-- runScenario -->
        <test-method signature="runScenario(io.cucumber.testng.PickleWrapper,io.cucumber.testng.FeatureWrapper)[pri:0, instance:runner.testRunner2@3e2055d6]" started-at="2023-05-22T16:40:27 CDT" name="runScenario" description="Runs Cucumber Scenarios" data-provider="scenarios" finished-at="2023-05-22T16:40:29 CDT" duration-ms="1842" status="PASS">
          <params>
            <param index="0">
              <value>
                <![CDATA["User click on Try Here button and enter valid and invalid python code in tryEditor for Tree"]]>
              </value>
            </param>
            <param index="1">
              <value>
                <![CDATA["Optional[Tree]"]]>
              </value>
            </param>
          </params>
          <reporter-output>
          </reporter-output>
        </test-method> <!-- runScenario -->
        <test-method signature="runScenario(io.cucumber.testng.PickleWrapper,io.cucumber.testng.FeatureWrapper)[pri:0, instance:runner.testRunner2@3e2055d6]" started-at="2023-05-22T16:40:29 CDT" name="runScenario" description="Runs Cucumber Scenarios" data-provider="scenarios" finished-at="2023-05-22T16:40:31 CDT" duration-ms="2033" status="PASS">
          <params>
            <param index="0">
              <value>
                <![CDATA["User click on Try Here button and enter valid and invalid python code in tryEditor for Tree"]]>
              </value>
            </param>
            <param index="1">
              <value>
                <![CDATA["Optional[Tree]"]]>
              </value>
            </param>
          </params>
          <reporter-output>
          </reporter-output>
        </test-method> <!-- runScenario -->
        <test-method signature="runScenario(io.cucumber.testng.PickleWrapper,io.cucumber.testng.FeatureWrapper)[pri:0, instance:runner.testRunner2@3e2055d6]" started-at="2023-05-22T16:40:31 CDT" name="runScenario" description="Runs Cucumber Scenarios" data-provider="scenarios" finished-at="2023-05-22T16:40:32 CDT" duration-ms="1483" status="PASS">
          <params>
            <param index="0">
              <value>
                <![CDATA["User click on Try Here button and enter valid and invalid python code in tryEditor for Tree"]]>
              </value>
            </param>
            <param index="1">
              <value>
                <![CDATA["Optional[Tree]"]]>
              </value>
            </param>
          </params>
          <reporter-output>
          </reporter-output>
        </test-method> <!-- runScenario -->
        <test-method signature="runScenario(io.cucumber.testng.PickleWrapper,io.cucumber.testng.FeatureWrapper)[pri:0, instance:runner.testRunner2@3e2055d6]" started-at="2023-05-22T16:40:32 CDT" name="runScenario" description="Runs Cucumber Scenarios" data-provider="scenarios" finished-at="2023-05-22T16:40:33 CDT" duration-ms="332" status="PASS">
          <params>
            <param index="0">
              <value>
                <![CDATA["User navigate back to selected Tree Topic Page and try Practice Question Page"]]>
              </value>
            </param>
            <param index="1">
              <value>
                <![CDATA["Optional[Tree]"]]>
              </value>
            </param>
          </params>
          <reporter-output>
          </reporter-output>
        </test-method> <!-- runScenario -->
        <test-method signature="runScenario(io.cucumber.testng.PickleWrapper,io.cucumber.testng.FeatureWrapper)[pri:0, instance:runner.testRunner2@3e2055d6]" started-at="2023-05-22T16:40:33 CDT" name="runScenario" description="Runs Cucumber Scenarios" data-provider="scenarios" finished-at="2023-05-22T16:40:34 CDT" duration-ms="975" status="PASS">
          <params>
            <param index="0">
              <value>
                <![CDATA["User navigate to Graph Page for selected Topic and click on Try Here button"]]>
              </value>
            </param>
            <param index="1">
              <value>
                <![CDATA["Optional[Graph]"]]>
              </value>
            </param>
          </params>
          <reporter-output>
          </reporter-output>
        </test-method> <!-- runScenario -->
        <test-method signature="runScenario(io.cucumber.testng.PickleWrapper,io.cucumber.testng.FeatureWrapper)[pri:0, instance:runner.testRunner2@3e2055d6]" started-at="2023-05-22T16:40:34 CDT" name="runScenario" description="Runs Cucumber Scenarios" data-provider="scenarios" finished-at="2023-05-22T16:40:35 CDT" duration-ms="1695" status="PASS">
          <params>
            <param index="0">
              <value>
                <![CDATA["User click on Try Here button and enter valid and invalid python code in tryEditor for Graph"]]>
              </value>
            </param>
            <param index="1">
              <value>
                <![CDATA["Optional[Graph]"]]>
              </value>
            </param>
          </params>
          <reporter-output>
          </reporter-output>
        </test-method> <!-- runScenario -->
        <test-method signature="runScenario(io.cucumber.testng.PickleWrapper,io.cucumber.testng.FeatureWrapper)[pri:0, instance:runner.testRunner2@3e2055d6]" started-at="2023-05-22T16:40:35 CDT" name="runScenario" description="Runs Cucumber Scenarios" data-provider="scenarios" finished-at="2023-05-22T16:40:37 CDT" duration-ms="1665" status="PASS">
          <params>
            <param index="0">
              <value>
                <![CDATA["User click on Try Here button and enter valid and invalid python code in tryEditor for Graph"]]>
              </value>
            </param>
            <param index="1">
              <value>
                <![CDATA["Optional[Graph]"]]>
              </value>
            </param>
          </params>
          <reporter-output>
          </reporter-output>
        </test-method> <!-- runScenario -->
        <test-method signature="runScenario(io.cucumber.testng.PickleWrapper,io.cucumber.testng.FeatureWrapper)[pri:0, instance:runner.testRunner2@3e2055d6]" started-at="2023-05-22T16:40:37 CDT" name="runScenario" description="Runs Cucumber Scenarios" data-provider="scenarios" finished-at="2023-05-22T16:40:37 CDT" duration-ms="380" status="PASS">
          <params>
            <param index="0">
              <value>
                <![CDATA["User navigate back to selected Graph Topic Page and try Practice Question Page"]]>
              </value>
            </param>
            <param index="1">
              <value>
                <![CDATA["Optional[Graph]"]]>
              </value>
            </param>
          </params>
          <reporter-output>
          </reporter-output>
        </test-method> <!-- runScenario -->
        <test-method is-config="true" signature="tearDownClass()[pri:0, instance:runner.testRunner2@3e2055d6]" started-at="2023-05-22T16:40:37 CDT" name="tearDownClass" finished-at="2023-05-22T16:40:38 CDT" duration-ms="829" status="PASS">
          <reporter-output>
          </reporter-output>
        </test-method> <!-- tearDownClass -->
      </class> <!-- runner.testRunner2 -->
    </test> <!-- Default test -->
  </suite> <!-- Default suite -->
</testng-results>
