<?xml version="1.0" encoding="UTF-8"?>
<testng-results ignored="0" total="69" passed="69" failed="0" skipped="0">
  <reporter-output>
  </reporter-output>
  <suite started-at="2023-05-23T14:10:56 CDT" name="Default suite" finished-at="2023-05-23T14:12:29 CDT" duration-ms="92850">
    <groups>
      <group name="cucumber">
        <method signature="AbstractTestNGCucumberTests.runScenario(io.cucumber.testng.PickleWrapper,io.cucumber.testng.FeatureWrapper)[pri:0, instance:runner.testRunner2@3e2055d6]" name="runScenario" class="io.cucumber.testng.AbstractTestNGCucumberTests"/>
      </group> <!-- cucumber -->
    </groups>
    <test started-at="2023-05-23T14:10:56 CDT" name="Default test" finished-at="2023-05-23T14:12:29 CDT" duration-ms="92850">
      <class name="runner.testRunner2">
        <test-method is-config="true" signature="setUpClass(org.testng.ITestContext)[pri:0, instance:runner.testRunner2@3e2055d6]" started-at="2023-05-23T14:10:56 CDT" name="setUpClass" finished-at="2023-05-23T14:10:57 CDT" duration-ms="1042" status="PASS">
          <params>
            <param index="0">
              <value>
                <![CDATA[org.testng.TestRunner@4096a622]]>
              </value>
            </param>
          </params>
          <reporter-output>
          </reporter-output>
        </test-method> <!-- setUpClass -->
        <test-method signature="runScenario(io.cucumber.testng.PickleWrapper,io.cucumber.testng.FeatureWrapper)[pri:0, instance:runner.testRunner2@3e2055d6]" started-at="2023-05-23T14:10:57 CDT" name="runScenario" description="Runs Cucumber Scenarios" data-provider="scenarios" finished-at="2023-05-23T14:11:05 CDT" duration-ms="8463" status="PASS">
          <params>
            <param index="0">
              <value>
                <![CDATA["User launch Start page of an dsalgo project"]]>
              </value>
            </param>
            <param index="1">
              <value>
                <![CDATA["Optional[GetStart Page]"]]>
              </value>
            </param>
          </params>
          <reporter-output>
          </reporter-output>
        </test-method> <!-- runScenario -->
        <test-method signature="runScenario(io.cucumber.testng.PickleWrapper,io.cucumber.testng.FeatureWrapper)[pri:0, instance:runner.testRunner2@3e2055d6]" started-at="2023-05-23T14:11:05 CDT" name="runScenario" description="Runs Cucumber Scenarios" data-provider="scenarios" finished-at="2023-05-23T14:11:06 CDT" duration-ms="942" status="PASS">
          <params>
            <param index="0">
              <value>
                <![CDATA["User is on Home page and click getstarted link/dropbox on  home page without sign in"]]>
              </value>
            </param>
            <param index="1">
              <value>
                <![CDATA["Optional[Home Page]"]]>
              </value>
            </param>
          </params>
          <reporter-output>
          </reporter-output>
        </test-method> <!-- runScenario -->
        <test-method signature="runScenario(io.cucumber.testng.PickleWrapper,io.cucumber.testng.FeatureWrapper)[pri:0, instance:runner.testRunner2@3e2055d6]" started-at="2023-05-23T14:11:06 CDT" name="runScenario" description="Runs Cucumber Scenarios" data-provider="scenarios" finished-at="2023-05-23T14:11:09 CDT" duration-ms="2644" status="PASS">
          <params>
            <param index="0">
              <value>
                <![CDATA["User click register button on Home page"]]>
              </value>
            </param>
            <param index="1">
              <value>
                <![CDATA["Optional[Register Page validation]"]]>
              </value>
            </param>
          </params>
          <reporter-output>
          </reporter-output>
        </test-method> <!-- runScenario -->
        <test-method signature="runScenario(io.cucumber.testng.PickleWrapper,io.cucumber.testng.FeatureWrapper)[pri:0, instance:runner.testRunner2@3e2055d6]" started-at="2023-05-23T14:11:09 CDT" name="runScenario" description="Runs Cucumber Scenarios" data-provider="scenarios" finished-at="2023-05-23T14:11:10 CDT" duration-ms="595" status="PASS">
          <params>
            <param index="0">
              <value>
                <![CDATA["User click register button with all fields blank"]]>
              </value>
            </param>
            <param index="1">
              <value>
                <![CDATA["Optional[Register Page validation]"]]>
              </value>
            </param>
          </params>
          <reporter-output>
          </reporter-output>
        </test-method> <!-- runScenario -->
        <test-method signature="runScenario(io.cucumber.testng.PickleWrapper,io.cucumber.testng.FeatureWrapper)[pri:0, instance:runner.testRunner2@3e2055d6]" started-at="2023-05-23T14:11:10 CDT" name="runScenario" description="Runs Cucumber Scenarios" data-provider="scenarios" finished-at="2023-05-23T14:11:10 CDT" duration-ms="649" status="PASS">
          <params>
            <param index="0">
              <value>
                <![CDATA["User click on register button with Password field blank"]]>
              </value>
            </param>
            <param index="1">
              <value>
                <![CDATA["Optional[Register Page validation]"]]>
              </value>
            </param>
          </params>
          <reporter-output>
          </reporter-output>
        </test-method> <!-- runScenario -->
        <test-method signature="runScenario(io.cucumber.testng.PickleWrapper,io.cucumber.testng.FeatureWrapper)[pri:0, instance:runner.testRunner2@3e2055d6]" started-at="2023-05-23T14:11:10 CDT" name="runScenario" description="Runs Cucumber Scenarios" data-provider="scenarios" finished-at="2023-05-23T14:11:11 CDT" duration-ms="633" status="PASS">
          <params>
            <param index="0">
              <value>
                <![CDATA["User click on register button with valid Username & Password and confirm Password field as blank"]]>
              </value>
            </param>
            <param index="1">
              <value>
                <![CDATA["Optional[Register Page validation]"]]>
              </value>
            </param>
          </params>
          <reporter-output>
          </reporter-output>
        </test-method> <!-- runScenario -->
        <test-method signature="runScenario(io.cucumber.testng.PickleWrapper,io.cucumber.testng.FeatureWrapper)[pri:0, instance:runner.testRunner2@3e2055d6]" started-at="2023-05-23T14:11:11 CDT" name="runScenario" description="Runs Cucumber Scenarios" data-provider="scenarios" finished-at="2023-05-23T14:11:13 CDT" duration-ms="2442" status="PASS">
          <params>
            <param index="0">
              <value>
                <![CDATA["The user is on Register Page and entered invalid user Details"]]>
              </value>
            </param>
            <param index="1">
              <value>
                <![CDATA["Optional[Register Page validation]"]]>
              </value>
            </param>
          </params>
          <reporter-output>
          </reporter-output>
        </test-method> <!-- runScenario -->
        <test-method signature="runScenario(io.cucumber.testng.PickleWrapper,io.cucumber.testng.FeatureWrapper)[pri:0, instance:runner.testRunner2@3e2055d6]" started-at="2023-05-23T14:11:13 CDT" name="runScenario" description="Runs Cucumber Scenarios" data-provider="scenarios" finished-at="2023-05-23T14:11:14 CDT" duration-ms="916" status="PASS">
          <params>
            <param index="0">
              <value>
                <![CDATA["The user is on Register Page and entered invalid user Details"]]>
              </value>
            </param>
            <param index="1">
              <value>
                <![CDATA["Optional[Register Page validation]"]]>
              </value>
            </param>
          </params>
          <reporter-output>
          </reporter-output>
        </test-method> <!-- runScenario -->
        <test-method signature="runScenario(io.cucumber.testng.PickleWrapper,io.cucumber.testng.FeatureWrapper)[pri:0, instance:runner.testRunner2@3e2055d6]" started-at="2023-05-23T14:11:14 CDT" name="runScenario" description="Runs Cucumber Scenarios" data-provider="scenarios" finished-at="2023-05-23T14:11:15 CDT" duration-ms="1022" status="PASS">
          <params>
            <param index="0">
              <value>
                <![CDATA["The user is on Register Page and entered invalid user Details"]]>
              </value>
            </param>
            <param index="1">
              <value>
                <![CDATA["Optional[Register Page validation]"]]>
              </value>
            </param>
          </params>
          <reporter-output>
          </reporter-output>
        </test-method> <!-- runScenario -->
        <test-method signature="runScenario(io.cucumber.testng.PickleWrapper,io.cucumber.testng.FeatureWrapper)[pri:0, instance:runner.testRunner2@3e2055d6]" started-at="2023-05-23T14:11:15 CDT" name="runScenario" description="Runs Cucumber Scenarios" data-provider="scenarios" finished-at="2023-05-23T14:11:16 CDT" duration-ms="1132" status="PASS">
          <params>
            <param index="0">
              <value>
                <![CDATA["The user is on Register Page and entered invalid user Details"]]>
              </value>
            </param>
            <param index="1">
              <value>
                <![CDATA["Optional[Register Page validation]"]]>
              </value>
            </param>
          </params>
          <reporter-output>
          </reporter-output>
        </test-method> <!-- runScenario -->
        <test-method signature="runScenario(io.cucumber.testng.PickleWrapper,io.cucumber.testng.FeatureWrapper)[pri:0, instance:runner.testRunner2@3e2055d6]" started-at="2023-05-23T14:11:16 CDT" name="runScenario" description="Runs Cucumber Scenarios" data-provider="scenarios" finished-at="2023-05-23T14:11:20 CDT" duration-ms="3260" status="PASS">
          <params>
            <param index="0">
              <value>
                <![CDATA["The user opens Register Page and entered valid user Details"]]>
              </value>
            </param>
            <param index="1">
              <value>
                <![CDATA["Optional[Register Page validation]"]]>
              </value>
            </param>
          </params>
          <reporter-output>
          </reporter-output>
        </test-method> <!-- runScenario -->
        <test-method signature="runScenario(io.cucumber.testng.PickleWrapper,io.cucumber.testng.FeatureWrapper)[pri:0, instance:runner.testRunner2@3e2055d6]" started-at="2023-05-23T14:11:20 CDT" name="runScenario" description="Runs Cucumber Scenarios" data-provider="scenarios" finished-at="2023-05-23T14:11:22 CDT" duration-ms="2533" status="PASS">
          <params>
            <param index="0">
              <value>
                <![CDATA["User logout from application after registration"]]>
              </value>
            </param>
            <param index="1">
              <value>
                <![CDATA["Optional[Register Page validation]"]]>
              </value>
            </param>
          </params>
          <reporter-output>
          </reporter-output>
        </test-method> <!-- runScenario -->
        <test-method signature="runScenario(io.cucumber.testng.PickleWrapper,io.cucumber.testng.FeatureWrapper)[pri:0, instance:runner.testRunner2@3e2055d6]" started-at="2023-05-23T14:11:22 CDT" name="runScenario" description="Runs Cucumber Scenarios" data-provider="scenarios" finished-at="2023-05-23T14:11:29 CDT" duration-ms="7009" status="PASS">
          <params>
            <param index="0">
              <value>
                <![CDATA["User entered invalid login details on Login Page"]]>
              </value>
            </param>
            <param index="1">
              <value>
                <![CDATA["Optional[SignIn]"]]>
              </value>
            </param>
          </params>
          <reporter-output>
          </reporter-output>
        </test-method> <!-- runScenario -->
        <test-method signature="runScenario(io.cucumber.testng.PickleWrapper,io.cucumber.testng.FeatureWrapper)[pri:0, instance:runner.testRunner2@3e2055d6]" started-at="2023-05-23T14:11:29 CDT" name="runScenario" description="Runs Cucumber Scenarios" data-provider="scenarios" finished-at="2023-05-23T14:11:35 CDT" duration-ms="5281" status="PASS">
          <params>
            <param index="0">
              <value>
                <![CDATA["User entered invalid login details on Login Page"]]>
              </value>
            </param>
            <param index="1">
              <value>
                <![CDATA["Optional[SignIn]"]]>
              </value>
            </param>
          </params>
          <reporter-output>
          </reporter-output>
        </test-method> <!-- runScenario -->
        <test-method signature="runScenario(io.cucumber.testng.PickleWrapper,io.cucumber.testng.FeatureWrapper)[pri:0, instance:runner.testRunner2@3e2055d6]" started-at="2023-05-23T14:11:35 CDT" name="runScenario" description="Runs Cucumber Scenarios" data-provider="scenarios" finished-at="2023-05-23T14:11:42 CDT" duration-ms="7082" status="PASS">
          <params>
            <param index="0">
              <value>
                <![CDATA["User entered valid login details on Login Page"]]>
              </value>
            </param>
            <param index="1">
              <value>
                <![CDATA["Optional[SignIn]"]]>
              </value>
            </param>
          </params>
          <reporter-output>
          </reporter-output>
        </test-method> <!-- runScenario -->
        <test-method signature="runScenario(io.cucumber.testng.PickleWrapper,io.cucumber.testng.FeatureWrapper)[pri:0, instance:runner.testRunner2@3e2055d6]" started-at="2023-05-23T14:11:42 CDT" name="runScenario" description="Runs Cucumber Scenarios" data-provider="scenarios" finished-at="2023-05-23T14:11:46 CDT" duration-ms="4703" status="PASS">
          <params>
            <param index="0">
              <value>
                <![CDATA["User entered valid login details on Login Page and logged in"]]>
              </value>
            </param>
            <param index="1">
              <value>
                <![CDATA["Optional[Data Structure Intro]"]]>
              </value>
            </param>
          </params>
          <reporter-output>
          </reporter-output>
        </test-method> <!-- runScenario -->
        <test-method signature="runScenario(io.cucumber.testng.PickleWrapper,io.cucumber.testng.FeatureWrapper)[pri:0, instance:runner.testRunner2@3e2055d6]" started-at="2023-05-23T14:11:46 CDT" name="runScenario" description="Runs Cucumber Scenarios" data-provider="scenarios" finished-at="2023-05-23T14:11:47 CDT" duration-ms="1098" status="PASS">
          <params>
            <param index="0">
              <value>
                <![CDATA["User navigate to Data Structure Page for selected Topic and click on Try Here button"]]>
              </value>
            </param>
            <param index="1">
              <value>
                <![CDATA["Optional[Data Structure Intro]"]]>
              </value>
            </param>
          </params>
          <reporter-output>
          </reporter-output>
        </test-method> <!-- runScenario -->
        <test-method signature="runScenario(io.cucumber.testng.PickleWrapper,io.cucumber.testng.FeatureWrapper)[pri:0, instance:runner.testRunner2@3e2055d6]" started-at="2023-05-23T14:11:47 CDT" name="runScenario" description="Runs Cucumber Scenarios" data-provider="scenarios" finished-at="2023-05-23T14:11:48 CDT" duration-ms="379" status="PASS">
          <params>
            <param index="0">
              <value>
                <![CDATA["User enter valid and invalid python code in tryEditor"]]>
              </value>
            </param>
            <param index="1">
              <value>
                <![CDATA["Optional[Data Structure Intro]"]]>
              </value>
            </param>
          </params>
          <reporter-output>
          </reporter-output>
        </test-method> <!-- runScenario -->
        <test-method signature="runScenario(io.cucumber.testng.PickleWrapper,io.cucumber.testng.FeatureWrapper)[pri:0, instance:runner.testRunner2@3e2055d6]" started-at="2023-05-23T14:11:48 CDT" name="runScenario" description="Runs Cucumber Scenarios" data-provider="scenarios" finished-at="2023-05-23T14:11:48 CDT" duration-ms="320" status="PASS">
          <params>
            <param index="0">
              <value>
                <![CDATA["User enter valid and invalid python code in tryEditor"]]>
              </value>
            </param>
            <param index="1">
              <value>
                <![CDATA["Optional[Data Structure Intro]"]]>
              </value>
            </param>
          </params>
          <reporter-output>
          </reporter-output>
        </test-method> <!-- runScenario -->
        <test-method signature="runScenario(io.cucumber.testng.PickleWrapper,io.cucumber.testng.FeatureWrapper)[pri:0, instance:runner.testRunner2@3e2055d6]" started-at="2023-05-23T14:11:48 CDT" name="runScenario" description="Runs Cucumber Scenarios" data-provider="scenarios" finished-at="2023-05-23T14:11:48 CDT" duration-ms="194" status="PASS">
          <params>
            <param index="0">
              <value>
                <![CDATA["User navigate to Data Structure from dropdown and try Practice Question Page"]]>
              </value>
            </param>
            <param index="1">
              <value>
                <![CDATA["Optional[Data Structure Intro]"]]>
              </value>
            </param>
          </params>
          <reporter-output>
          </reporter-output>
        </test-method> <!-- runScenario -->
        <test-method signature="runScenario(io.cucumber.testng.PickleWrapper,io.cucumber.testng.FeatureWrapper)[pri:0, instance:runner.testRunner2@3e2055d6]" started-at="2023-05-23T14:11:48 CDT" name="runScenario" description="Runs Cucumber Scenarios" data-provider="scenarios" finished-at="2023-05-23T14:11:49 CDT" duration-ms="239" status="PASS">
          <params>
            <param index="0">
              <value>
                <![CDATA["User validate dropbox"]]>
              </value>
            </param>
            <param index="1">
              <value>
                <![CDATA["Optional[Array Page]"]]>
              </value>
            </param>
          </params>
          <reporter-output>
          </reporter-output>
        </test-method> <!-- runScenario -->
        <test-method signature="runScenario(io.cucumber.testng.PickleWrapper,io.cucumber.testng.FeatureWrapper)[pri:0, instance:runner.testRunner2@3e2055d6]" started-at="2023-05-23T14:11:49 CDT" name="runScenario" description="Runs Cucumber Scenarios" data-provider="scenarios" finished-at="2023-05-23T14:11:50 CDT" duration-ms="1495" status="PASS">
          <params>
            <param index="0">
              <value>
                <![CDATA["User validate ArrayPage"]]>
              </value>
            </param>
            <param index="1">
              <value>
                <![CDATA["Optional[Array Page]"]]>
              </value>
            </param>
          </params>
          <reporter-output>
          </reporter-output>
        </test-method> <!-- runScenario -->
        <test-method signature="runScenario(io.cucumber.testng.PickleWrapper,io.cucumber.testng.FeatureWrapper)[pri:0, instance:runner.testRunner2@3e2055d6]" started-at="2023-05-23T14:11:50 CDT" name="runScenario" description="Runs Cucumber Scenarios" data-provider="scenarios" finished-at="2023-05-23T14:11:51 CDT" duration-ms="1085" status="PASS">
          <params>
            <param index="0">
              <value>
                <![CDATA["User validate ArrayPage"]]>
              </value>
            </param>
            <param index="1">
              <value>
                <![CDATA["Optional[Array Page]"]]>
              </value>
            </param>
          </params>
          <reporter-output>
          </reporter-output>
        </test-method> <!-- runScenario -->
        <test-method signature="runScenario(io.cucumber.testng.PickleWrapper,io.cucumber.testng.FeatureWrapper)[pri:0, instance:runner.testRunner2@3e2055d6]" started-at="2023-05-23T14:11:51 CDT" name="runScenario" description="Runs Cucumber Scenarios" data-provider="scenarios" finished-at="2023-05-23T14:11:52 CDT" duration-ms="1111" status="PASS">
          <params>
            <param index="0">
              <value>
                <![CDATA["User validate ArrayPage"]]>
              </value>
            </param>
            <param index="1">
              <value>
                <![CDATA["Optional[Array Page]"]]>
              </value>
            </param>
          </params>
          <reporter-output>
          </reporter-output>
        </test-method> <!-- runScenario -->
        <test-method signature="runScenario(io.cucumber.testng.PickleWrapper,io.cucumber.testng.FeatureWrapper)[pri:0, instance:runner.testRunner2@3e2055d6]" started-at="2023-05-23T14:11:52 CDT" name="runScenario" description="Runs Cucumber Scenarios" data-provider="scenarios" finished-at="2023-05-23T14:11:53 CDT" duration-ms="1078" status="PASS">
          <params>
            <param index="0">
              <value>
                <![CDATA["User validate ArrayPage"]]>
              </value>
            </param>
            <param index="1">
              <value>
                <![CDATA["Optional[Array Page]"]]>
              </value>
            </param>
          </params>
          <reporter-output>
          </reporter-output>
        </test-method> <!-- runScenario -->
        <test-method signature="runScenario(io.cucumber.testng.PickleWrapper,io.cucumber.testng.FeatureWrapper)[pri:0, instance:runner.testRunner2@3e2055d6]" started-at="2023-05-23T14:11:53 CDT" name="runScenario" description="Runs Cucumber Scenarios" data-provider="scenarios" finished-at="2023-05-23T14:11:54 CDT" duration-ms="189" status="PASS">
          <params>
            <param index="0">
              <value>
                <![CDATA["PracticeQuestion Page"]]>
              </value>
            </param>
            <param index="1">
              <value>
                <![CDATA["Optional[Array Page]"]]>
              </value>
            </param>
          </params>
          <reporter-output>
          </reporter-output>
        </test-method> <!-- runScenario -->
        <test-method signature="runScenario(io.cucumber.testng.PickleWrapper,io.cucumber.testng.FeatureWrapper)[pri:0, instance:runner.testRunner2@3e2055d6]" started-at="2023-05-23T14:11:54 CDT" name="runScenario" description="Runs Cucumber Scenarios" data-provider="scenarios" finished-at="2023-05-23T14:11:54 CDT" duration-ms="753" status="PASS">
          <params>
            <param index="0">
              <value>
                <![CDATA["User validate PracticeQuestion Array Page"]]>
              </value>
            </param>
            <param index="1">
              <value>
                <![CDATA["Optional[Array Page]"]]>
              </value>
            </param>
          </params>
          <reporter-output>
          </reporter-output>
        </test-method> <!-- runScenario -->
        <test-method signature="runScenario(io.cucumber.testng.PickleWrapper,io.cucumber.testng.FeatureWrapper)[pri:0, instance:runner.testRunner2@3e2055d6]" started-at="2023-05-23T14:11:54 CDT" name="runScenario" description="Runs Cucumber Scenarios" data-provider="scenarios" finished-at="2023-05-23T14:11:55 CDT" duration-ms="701" status="PASS">
          <params>
            <param index="0">
              <value>
                <![CDATA["User validate PracticeQuestion Array Page"]]>
              </value>
            </param>
            <param index="1">
              <value>
                <![CDATA["Optional[Array Page]"]]>
              </value>
            </param>
          </params>
          <reporter-output>
          </reporter-output>
        </test-method> <!-- runScenario -->
        <test-method signature="runScenario(io.cucumber.testng.PickleWrapper,io.cucumber.testng.FeatureWrapper)[pri:0, instance:runner.testRunner2@3e2055d6]" started-at="2023-05-23T14:11:55 CDT" name="runScenario" description="Runs Cucumber Scenarios" data-provider="scenarios" finished-at="2023-05-23T14:11:56 CDT" duration-ms="766" status="PASS">
          <params>
            <param index="0">
              <value>
                <![CDATA["User validate PracticeQuestion Array Page"]]>
              </value>
            </param>
            <param index="1">
              <value>
                <![CDATA["Optional[Array Page]"]]>
              </value>
            </param>
          </params>
          <reporter-output>
          </reporter-output>
        </test-method> <!-- runScenario -->
        <test-method signature="runScenario(io.cucumber.testng.PickleWrapper,io.cucumber.testng.FeatureWrapper)[pri:0, instance:runner.testRunner2@3e2055d6]" started-at="2023-05-23T14:11:56 CDT" name="runScenario" description="Runs Cucumber Scenarios" data-provider="scenarios" finished-at="2023-05-23T14:11:57 CDT" duration-ms="764" status="PASS">
          <params>
            <param index="0">
              <value>
                <![CDATA["User validate PracticeQuestion Array Page"]]>
              </value>
            </param>
            <param index="1">
              <value>
                <![CDATA["Optional[Array Page]"]]>
              </value>
            </param>
          </params>
          <reporter-output>
          </reporter-output>
        </test-method> <!-- runScenario -->
        <test-method signature="runScenario(io.cucumber.testng.PickleWrapper,io.cucumber.testng.FeatureWrapper)[pri:0, instance:runner.testRunner2@3e2055d6]" started-at="2023-05-23T14:11:57 CDT" name="runScenario" description="Runs Cucumber Scenarios" data-provider="scenarios" finished-at="2023-05-23T14:11:57 CDT" duration-ms="361" status="PASS">
          <params>
            <param index="0">
              <value>
                <![CDATA["User navigate to Linked List Page for selected Topic"]]>
              </value>
            </param>
            <param index="1">
              <value>
                <![CDATA["Optional[Linked List]"]]>
              </value>
            </param>
          </params>
          <reporter-output>
          </reporter-output>
        </test-method> <!-- runScenario -->
        <test-method signature="runScenario(io.cucumber.testng.PickleWrapper,io.cucumber.testng.FeatureWrapper)[pri:0, instance:runner.testRunner2@3e2055d6]" started-at="2023-05-23T14:11:57 CDT" name="runScenario" description="Runs Cucumber Scenarios" data-provider="scenarios" finished-at="2023-05-23T14:11:58 CDT" duration-ms="1049" status="PASS">
          <params>
            <param index="0">
              <value>
                <![CDATA["User click on Try Here button and enter valid and invalid python code in tryEditor for LinkedList"]]>
              </value>
            </param>
            <param index="1">
              <value>
                <![CDATA["Optional[Linked List]"]]>
              </value>
            </param>
          </params>
          <reporter-output>
          </reporter-output>
        </test-method> <!-- runScenario -->
        <test-method signature="runScenario(io.cucumber.testng.PickleWrapper,io.cucumber.testng.FeatureWrapper)[pri:0, instance:runner.testRunner2@3e2055d6]" started-at="2023-05-23T14:11:58 CDT" name="runScenario" description="Runs Cucumber Scenarios" data-provider="scenarios" finished-at="2023-05-23T14:11:59 CDT" duration-ms="1080" status="PASS">
          <params>
            <param index="0">
              <value>
                <![CDATA["User click on Try Here button and enter valid and invalid python code in tryEditor for LinkedList"]]>
              </value>
            </param>
            <param index="1">
              <value>
                <![CDATA["Optional[Linked List]"]]>
              </value>
            </param>
          </params>
          <reporter-output>
          </reporter-output>
        </test-method> <!-- runScenario -->
        <test-method signature="runScenario(io.cucumber.testng.PickleWrapper,io.cucumber.testng.FeatureWrapper)[pri:0, instance:runner.testRunner2@3e2055d6]" started-at="2023-05-23T14:11:59 CDT" name="runScenario" description="Runs Cucumber Scenarios" data-provider="scenarios" finished-at="2023-05-23T14:12:00 CDT" duration-ms="1159" status="PASS">
          <params>
            <param index="0">
              <value>
                <![CDATA["User click on Try Here button and enter valid and invalid python code in tryEditor for LinkedList"]]>
              </value>
            </param>
            <param index="1">
              <value>
                <![CDATA["Optional[Linked List]"]]>
              </value>
            </param>
          </params>
          <reporter-output>
          </reporter-output>
        </test-method> <!-- runScenario -->
        <test-method signature="runScenario(io.cucumber.testng.PickleWrapper,io.cucumber.testng.FeatureWrapper)[pri:0, instance:runner.testRunner2@3e2055d6]" started-at="2023-05-23T14:12:00 CDT" name="runScenario" description="Runs Cucumber Scenarios" data-provider="scenarios" finished-at="2023-05-23T14:12:01 CDT" duration-ms="980" status="PASS">
          <params>
            <param index="0">
              <value>
                <![CDATA["User click on Try Here button and enter valid and invalid python code in tryEditor for LinkedList"]]>
              </value>
            </param>
            <param index="1">
              <value>
                <![CDATA["Optional[Linked List]"]]>
              </value>
            </param>
          </params>
          <reporter-output>
          </reporter-output>
        </test-method> <!-- runScenario -->
        <test-method signature="runScenario(io.cucumber.testng.PickleWrapper,io.cucumber.testng.FeatureWrapper)[pri:0, instance:runner.testRunner2@3e2055d6]" started-at="2023-05-23T14:12:01 CDT" name="runScenario" description="Runs Cucumber Scenarios" data-provider="scenarios" finished-at="2023-05-23T14:12:02 CDT" duration-ms="965" status="PASS">
          <params>
            <param index="0">
              <value>
                <![CDATA["User click on Try Here button and enter valid and invalid python code in tryEditor for LinkedList"]]>
              </value>
            </param>
            <param index="1">
              <value>
                <![CDATA["Optional[Linked List]"]]>
              </value>
            </param>
          </params>
          <reporter-output>
          </reporter-output>
        </test-method> <!-- runScenario -->
        <test-method signature="runScenario(io.cucumber.testng.PickleWrapper,io.cucumber.testng.FeatureWrapper)[pri:0, instance:runner.testRunner2@3e2055d6]" started-at="2023-05-23T14:12:02 CDT" name="runScenario" description="Runs Cucumber Scenarios" data-provider="scenarios" finished-at="2023-05-23T14:12:03 CDT" duration-ms="929" status="PASS">
          <params>
            <param index="0">
              <value>
                <![CDATA["User click on Try Here button and enter valid and invalid python code in tryEditor for LinkedList"]]>
              </value>
            </param>
            <param index="1">
              <value>
                <![CDATA["Optional[Linked List]"]]>
              </value>
            </param>
          </params>
          <reporter-output>
          </reporter-output>
        </test-method> <!-- runScenario -->
        <test-method signature="runScenario(io.cucumber.testng.PickleWrapper,io.cucumber.testng.FeatureWrapper)[pri:0, instance:runner.testRunner2@3e2055d6]" started-at="2023-05-23T14:12:03 CDT" name="runScenario" description="Runs Cucumber Scenarios" data-provider="scenarios" finished-at="2023-05-23T14:12:04 CDT" duration-ms="962" status="PASS">
          <params>
            <param index="0">
              <value>
                <![CDATA["User click on Try Here button and enter valid and invalid python code in tryEditor for LinkedList"]]>
              </value>
            </param>
            <param index="1">
              <value>
                <![CDATA["Optional[Linked List]"]]>
              </value>
            </param>
          </params>
          <reporter-output>
          </reporter-output>
        </test-method> <!-- runScenario -->
        <test-method signature="runScenario(io.cucumber.testng.PickleWrapper,io.cucumber.testng.FeatureWrapper)[pri:0, instance:runner.testRunner2@3e2055d6]" started-at="2023-05-23T14:12:04 CDT" name="runScenario" description="Runs Cucumber Scenarios" data-provider="scenarios" finished-at="2023-05-23T14:12:04 CDT" duration-ms="165" status="PASS">
          <params>
            <param index="0">
              <value>
                <![CDATA["User navigate back to selected LinkedList Topic Page and try Practice Question Page"]]>
              </value>
            </param>
            <param index="1">
              <value>
                <![CDATA["Optional[Linked List]"]]>
              </value>
            </param>
          </params>
          <reporter-output>
          </reporter-output>
        </test-method> <!-- runScenario -->
        <test-method signature="runScenario(io.cucumber.testng.PickleWrapper,io.cucumber.testng.FeatureWrapper)[pri:0, instance:runner.testRunner2@3e2055d6]" started-at="2023-05-23T14:12:04 CDT" name="runScenario" description="Runs Cucumber Scenarios" data-provider="scenarios" finished-at="2023-05-23T14:12:05 CDT" duration-ms="440" status="PASS">
          <params>
            <param index="0">
              <value>
                <![CDATA["User navigate to Stack Page for selected Topic"]]>
              </value>
            </param>
            <param index="1">
              <value>
                <![CDATA["Optional[Stack]"]]>
              </value>
            </param>
          </params>
          <reporter-output>
          </reporter-output>
        </test-method> <!-- runScenario -->
        <test-method signature="runScenario(io.cucumber.testng.PickleWrapper,io.cucumber.testng.FeatureWrapper)[pri:0, instance:runner.testRunner2@3e2055d6]" started-at="2023-05-23T14:12:05 CDT" name="runScenario" description="Runs Cucumber Scenarios" data-provider="scenarios" finished-at="2023-05-23T14:12:06 CDT" duration-ms="1107" status="PASS">
          <params>
            <param index="0">
              <value>
                <![CDATA["User click on Try Here button and enter valid and invalid python code in tryEditor for Stack"]]>
              </value>
            </param>
            <param index="1">
              <value>
                <![CDATA["Optional[Stack]"]]>
              </value>
            </param>
          </params>
          <reporter-output>
          </reporter-output>
        </test-method> <!-- runScenario -->
        <test-method signature="runScenario(io.cucumber.testng.PickleWrapper,io.cucumber.testng.FeatureWrapper)[pri:0, instance:runner.testRunner2@3e2055d6]" started-at="2023-05-23T14:12:06 CDT" name="runScenario" description="Runs Cucumber Scenarios" data-provider="scenarios" finished-at="2023-05-23T14:12:07 CDT" duration-ms="907" status="PASS">
          <params>
            <param index="0">
              <value>
                <![CDATA["User click on Try Here button and enter valid and invalid python code in tryEditor for Stack"]]>
              </value>
            </param>
            <param index="1">
              <value>
                <![CDATA["Optional[Stack]"]]>
              </value>
            </param>
          </params>
          <reporter-output>
          </reporter-output>
        </test-method> <!-- runScenario -->
        <test-method signature="runScenario(io.cucumber.testng.PickleWrapper,io.cucumber.testng.FeatureWrapper)[pri:0, instance:runner.testRunner2@3e2055d6]" started-at="2023-05-23T14:12:07 CDT" name="runScenario" description="Runs Cucumber Scenarios" data-provider="scenarios" finished-at="2023-05-23T14:12:08 CDT" duration-ms="871" status="PASS">
          <params>
            <param index="0">
              <value>
                <![CDATA["User click on Try Here button and enter valid and invalid python code in tryEditor for Stack"]]>
              </value>
            </param>
            <param index="1">
              <value>
                <![CDATA["Optional[Stack]"]]>
              </value>
            </param>
          </params>
          <reporter-output>
          </reporter-output>
        </test-method> <!-- runScenario -->
        <test-method signature="runScenario(io.cucumber.testng.PickleWrapper,io.cucumber.testng.FeatureWrapper)[pri:0, instance:runner.testRunner2@3e2055d6]" started-at="2023-05-23T14:12:08 CDT" name="runScenario" description="Runs Cucumber Scenarios" data-provider="scenarios" finished-at="2023-05-23T14:12:08 CDT" duration-ms="168" status="PASS">
          <params>
            <param index="0">
              <value>
                <![CDATA["User navigate back to selected Stack Topic Page and try Practice Question Page"]]>
              </value>
            </param>
            <param index="1">
              <value>
                <![CDATA["Optional[Stack]"]]>
              </value>
            </param>
          </params>
          <reporter-output>
          </reporter-output>
        </test-method> <!-- runScenario -->
        <test-method signature="runScenario(io.cucumber.testng.PickleWrapper,io.cucumber.testng.FeatureWrapper)[pri:0, instance:runner.testRunner2@3e2055d6]" started-at="2023-05-23T14:12:08 CDT" name="runScenario" description="Runs Cucumber Scenarios" data-provider="scenarios" finished-at="2023-05-23T14:12:08 CDT" duration-ms="437" status="PASS">
          <params>
            <param index="0">
              <value>
                <![CDATA["User navigate to Queue Page for selected Topic and click on Try Here button"]]>
              </value>
            </param>
            <param index="1">
              <value>
                <![CDATA["Optional[Queue]"]]>
              </value>
            </param>
          </params>
          <reporter-output>
          </reporter-output>
        </test-method> <!-- runScenario -->
        <test-method signature="runScenario(io.cucumber.testng.PickleWrapper,io.cucumber.testng.FeatureWrapper)[pri:0, instance:runner.testRunner2@3e2055d6]" started-at="2023-05-23T14:12:08 CDT" name="runScenario" description="Runs Cucumber Scenarios" data-provider="scenarios" finished-at="2023-05-23T14:12:09 CDT" duration-ms="921" status="PASS">
          <params>
            <param index="0">
              <value>
                <![CDATA["User click on Try Here button and enter valid and invalid python code in tryEditor for Queue"]]>
              </value>
            </param>
            <param index="1">
              <value>
                <![CDATA["Optional[Queue]"]]>
              </value>
            </param>
          </params>
          <reporter-output>
          </reporter-output>
        </test-method> <!-- runScenario -->
        <test-method signature="runScenario(io.cucumber.testng.PickleWrapper,io.cucumber.testng.FeatureWrapper)[pri:0, instance:runner.testRunner2@3e2055d6]" started-at="2023-05-23T14:12:09 CDT" name="runScenario" description="Runs Cucumber Scenarios" data-provider="scenarios" finished-at="2023-05-23T14:12:10 CDT" duration-ms="942" status="PASS">
          <params>
            <param index="0">
              <value>
                <![CDATA["User click on Try Here button and enter valid and invalid python code in tryEditor for Queue"]]>
              </value>
            </param>
            <param index="1">
              <value>
                <![CDATA["Optional[Queue]"]]>
              </value>
            </param>
          </params>
          <reporter-output>
          </reporter-output>
        </test-method> <!-- runScenario -->
        <test-method signature="runScenario(io.cucumber.testng.PickleWrapper,io.cucumber.testng.FeatureWrapper)[pri:0, instance:runner.testRunner2@3e2055d6]" started-at="2023-05-23T14:12:10 CDT" name="runScenario" description="Runs Cucumber Scenarios" data-provider="scenarios" finished-at="2023-05-23T14:12:11 CDT" duration-ms="905" status="PASS">
          <params>
            <param index="0">
              <value>
                <![CDATA["User click on Try Here button and enter valid and invalid python code in tryEditor for Queue"]]>
              </value>
            </param>
            <param index="1">
              <value>
                <![CDATA["Optional[Queue]"]]>
              </value>
            </param>
          </params>
          <reporter-output>
          </reporter-output>
        </test-method> <!-- runScenario -->
        <test-method signature="runScenario(io.cucumber.testng.PickleWrapper,io.cucumber.testng.FeatureWrapper)[pri:0, instance:runner.testRunner2@3e2055d6]" started-at="2023-05-23T14:12:11 CDT" name="runScenario" description="Runs Cucumber Scenarios" data-provider="scenarios" finished-at="2023-05-23T14:12:12 CDT" duration-ms="859" status="PASS">
          <params>
            <param index="0">
              <value>
                <![CDATA["User click on Try Here button and enter valid and invalid python code in tryEditor for Queue"]]>
              </value>
            </param>
            <param index="1">
              <value>
                <![CDATA["Optional[Queue]"]]>
              </value>
            </param>
          </params>
          <reporter-output>
          </reporter-output>
        </test-method> <!-- runScenario -->
        <test-method signature="runScenario(io.cucumber.testng.PickleWrapper,io.cucumber.testng.FeatureWrapper)[pri:0, instance:runner.testRunner2@3e2055d6]" started-at="2023-05-23T14:12:12 CDT" name="runScenario" description="Runs Cucumber Scenarios" data-provider="scenarios" finished-at="2023-05-23T14:12:12 CDT" duration-ms="152" status="PASS">
          <params>
            <param index="0">
              <value>
                <![CDATA["User navigate back to selected Queue Topic Page and try Practice Question Page"]]>
              </value>
            </param>
            <param index="1">
              <value>
                <![CDATA["Optional[Queue]"]]>
              </value>
            </param>
          </params>
          <reporter-output>
          </reporter-output>
        </test-method> <!-- runScenario -->
        <test-method signature="runScenario(io.cucumber.testng.PickleWrapper,io.cucumber.testng.FeatureWrapper)[pri:0, instance:runner.testRunner2@3e2055d6]" started-at="2023-05-23T14:12:12 CDT" name="runScenario" description="Runs Cucumber Scenarios" data-provider="scenarios" finished-at="2023-05-23T14:12:12 CDT" duration-ms="492" status="PASS">
          <params>
            <param index="0">
              <value>
                <![CDATA["User navigate to Tree Page for selected Topic  and click on Try Here button"]]>
              </value>
            </param>
            <param index="1">
              <value>
                <![CDATA["Optional[Tree]"]]>
              </value>
            </param>
          </params>
          <reporter-output>
          </reporter-output>
        </test-method> <!-- runScenario -->
        <test-method signature="runScenario(io.cucumber.testng.PickleWrapper,io.cucumber.testng.FeatureWrapper)[pri:0, instance:runner.testRunner2@3e2055d6]" started-at="2023-05-23T14:12:12 CDT" name="runScenario" description="Runs Cucumber Scenarios" data-provider="scenarios" finished-at="2023-05-23T14:12:13 CDT" duration-ms="960" status="PASS">
          <params>
            <param index="0">
              <value>
                <![CDATA["User click on Try Here button and enter valid and invalid python code in tryEditor for Tree"]]>
              </value>
            </param>
            <param index="1">
              <value>
                <![CDATA["Optional[Tree]"]]>
              </value>
            </param>
          </params>
          <reporter-output>
          </reporter-output>
        </test-method> <!-- runScenario -->
        <test-method signature="runScenario(io.cucumber.testng.PickleWrapper,io.cucumber.testng.FeatureWrapper)[pri:0, instance:runner.testRunner2@3e2055d6]" started-at="2023-05-23T14:12:13 CDT" name="runScenario" description="Runs Cucumber Scenarios" data-provider="scenarios" finished-at="2023-05-23T14:12:14 CDT" duration-ms="865" status="PASS">
          <params>
            <param index="0">
              <value>
                <![CDATA["User click on Try Here button and enter valid and invalid python code in tryEditor for Tree"]]>
              </value>
            </param>
            <param index="1">
              <value>
                <![CDATA["Optional[Tree]"]]>
              </value>
            </param>
          </params>
          <reporter-output>
          </reporter-output>
        </test-method> <!-- runScenario -->
        <test-method signature="runScenario(io.cucumber.testng.PickleWrapper,io.cucumber.testng.FeatureWrapper)[pri:0, instance:runner.testRunner2@3e2055d6]" started-at="2023-05-23T14:12:14 CDT" name="runScenario" description="Runs Cucumber Scenarios" data-provider="scenarios" finished-at="2023-05-23T14:12:15 CDT" duration-ms="910" status="PASS">
          <params>
            <param index="0">
              <value>
                <![CDATA["User click on Try Here button and enter valid and invalid python code in tryEditor for Tree"]]>
              </value>
            </param>
            <param index="1">
              <value>
                <![CDATA["Optional[Tree]"]]>
              </value>
            </param>
          </params>
          <reporter-output>
          </reporter-output>
        </test-method> <!-- runScenario -->
        <test-method signature="runScenario(io.cucumber.testng.PickleWrapper,io.cucumber.testng.FeatureWrapper)[pri:0, instance:runner.testRunner2@3e2055d6]" started-at="2023-05-23T14:12:15 CDT" name="runScenario" description="Runs Cucumber Scenarios" data-provider="scenarios" finished-at="2023-05-23T14:12:16 CDT" duration-ms="1033" status="PASS">
          <params>
            <param index="0">
              <value>
                <![CDATA["User click on Try Here button and enter valid and invalid python code in tryEditor for Tree"]]>
              </value>
            </param>
            <param index="1">
              <value>
                <![CDATA["Optional[Tree]"]]>
              </value>
            </param>
          </params>
          <reporter-output>
          </reporter-output>
        </test-method> <!-- runScenario -->
        <test-method signature="runScenario(io.cucumber.testng.PickleWrapper,io.cucumber.testng.FeatureWrapper)[pri:0, instance:runner.testRunner2@3e2055d6]" started-at="2023-05-23T14:12:16 CDT" name="runScenario" description="Runs Cucumber Scenarios" data-provider="scenarios" finished-at="2023-05-23T14:12:17 CDT" duration-ms="1061" status="PASS">
          <params>
            <param index="0">
              <value>
                <![CDATA["User click on Try Here button and enter valid and invalid python code in tryEditor for Tree"]]>
              </value>
            </param>
            <param index="1">
              <value>
                <![CDATA["Optional[Tree]"]]>
              </value>
            </param>
          </params>
          <reporter-output>
          </reporter-output>
        </test-method> <!-- runScenario -->
        <test-method signature="runScenario(io.cucumber.testng.PickleWrapper,io.cucumber.testng.FeatureWrapper)[pri:0, instance:runner.testRunner2@3e2055d6]" started-at="2023-05-23T14:12:17 CDT" name="runScenario" description="Runs Cucumber Scenarios" data-provider="scenarios" finished-at="2023-05-23T14:12:18 CDT" duration-ms="1025" status="PASS">
          <params>
            <param index="0">
              <value>
                <![CDATA["User click on Try Here button and enter valid and invalid python code in tryEditor for Tree"]]>
              </value>
            </param>
            <param index="1">
              <value>
                <![CDATA["Optional[Tree]"]]>
              </value>
            </param>
          </params>
          <reporter-output>
          </reporter-output>
        </test-method> <!-- runScenario -->
        <test-method signature="runScenario(io.cucumber.testng.PickleWrapper,io.cucumber.testng.FeatureWrapper)[pri:0, instance:runner.testRunner2@3e2055d6]" started-at="2023-05-23T14:12:18 CDT" name="runScenario" description="Runs Cucumber Scenarios" data-provider="scenarios" finished-at="2023-05-23T14:12:19 CDT" duration-ms="960" status="PASS">
          <params>
            <param index="0">
              <value>
                <![CDATA["User click on Try Here button and enter valid and invalid python code in tryEditor for Tree"]]>
              </value>
            </param>
            <param index="1">
              <value>
                <![CDATA["Optional[Tree]"]]>
              </value>
            </param>
          </params>
          <reporter-output>
          </reporter-output>
        </test-method> <!-- runScenario -->
        <test-method signature="runScenario(io.cucumber.testng.PickleWrapper,io.cucumber.testng.FeatureWrapper)[pri:0, instance:runner.testRunner2@3e2055d6]" started-at="2023-05-23T14:12:19 CDT" name="runScenario" description="Runs Cucumber Scenarios" data-provider="scenarios" finished-at="2023-05-23T14:12:20 CDT" duration-ms="956" status="PASS">
          <params>
            <param index="0">
              <value>
                <![CDATA["User click on Try Here button and enter valid and invalid python code in tryEditor for Tree"]]>
              </value>
            </param>
            <param index="1">
              <value>
                <![CDATA["Optional[Tree]"]]>
              </value>
            </param>
          </params>
          <reporter-output>
          </reporter-output>
        </test-method> <!-- runScenario -->
        <test-method signature="runScenario(io.cucumber.testng.PickleWrapper,io.cucumber.testng.FeatureWrapper)[pri:0, instance:runner.testRunner2@3e2055d6]" started-at="2023-05-23T14:12:20 CDT" name="runScenario" description="Runs Cucumber Scenarios" data-provider="scenarios" finished-at="2023-05-23T14:12:21 CDT" duration-ms="975" status="PASS">
          <params>
            <param index="0">
              <value>
                <![CDATA["User click on Try Here button and enter valid and invalid python code in tryEditor for Tree"]]>
              </value>
            </param>
            <param index="1">
              <value>
                <![CDATA["Optional[Tree]"]]>
              </value>
            </param>
          </params>
          <reporter-output>
          </reporter-output>
        </test-method> <!-- runScenario -->
        <test-method signature="runScenario(io.cucumber.testng.PickleWrapper,io.cucumber.testng.FeatureWrapper)[pri:0, instance:runner.testRunner2@3e2055d6]" started-at="2023-05-23T14:12:21 CDT" name="runScenario" description="Runs Cucumber Scenarios" data-provider="scenarios" finished-at="2023-05-23T14:12:22 CDT" duration-ms="973" status="PASS">
          <params>
            <param index="0">
              <value>
                <![CDATA["User click on Try Here button and enter valid and invalid python code in tryEditor for Tree"]]>
              </value>
            </param>
            <param index="1">
              <value>
                <![CDATA["Optional[Tree]"]]>
              </value>
            </param>
          </params>
          <reporter-output>
          </reporter-output>
        </test-method> <!-- runScenario -->
        <test-method signature="runScenario(io.cucumber.testng.PickleWrapper,io.cucumber.testng.FeatureWrapper)[pri:0, instance:runner.testRunner2@3e2055d6]" started-at="2023-05-23T14:12:22 CDT" name="runScenario" description="Runs Cucumber Scenarios" data-provider="scenarios" finished-at="2023-05-23T14:12:23 CDT" duration-ms="1018" status="PASS">
          <params>
            <param index="0">
              <value>
                <![CDATA["User click on Try Here button and enter valid and invalid python code in tryEditor for Tree"]]>
              </value>
            </param>
            <param index="1">
              <value>
                <![CDATA["Optional[Tree]"]]>
              </value>
            </param>
          </params>
          <reporter-output>
          </reporter-output>
        </test-method> <!-- runScenario -->
        <test-method signature="runScenario(io.cucumber.testng.PickleWrapper,io.cucumber.testng.FeatureWrapper)[pri:0, instance:runner.testRunner2@3e2055d6]" started-at="2023-05-23T14:12:23 CDT" name="runScenario" description="Runs Cucumber Scenarios" data-provider="scenarios" finished-at="2023-05-23T14:12:25 CDT" duration-ms="1446" status="PASS">
          <params>
            <param index="0">
              <value>
                <![CDATA["User click on Try Here button and enter valid and invalid python code in tryEditor for Tree"]]>
              </value>
            </param>
            <param index="1">
              <value>
                <![CDATA["Optional[Tree]"]]>
              </value>
            </param>
          </params>
          <reporter-output>
          </reporter-output>
        </test-method> <!-- runScenario -->
        <test-method signature="runScenario(io.cucumber.testng.PickleWrapper,io.cucumber.testng.FeatureWrapper)[pri:0, instance:runner.testRunner2@3e2055d6]" started-at="2023-05-23T14:12:25 CDT" name="runScenario" description="Runs Cucumber Scenarios" data-provider="scenarios" finished-at="2023-05-23T14:12:26 CDT" duration-ms="971" status="PASS">
          <params>
            <param index="0">
              <value>
                <![CDATA["User click on Try Here button and enter valid and invalid python code in tryEditor for Tree"]]>
              </value>
            </param>
            <param index="1">
              <value>
                <![CDATA["Optional[Tree]"]]>
              </value>
            </param>
          </params>
          <reporter-output>
          </reporter-output>
        </test-method> <!-- runScenario -->
        <test-method signature="runScenario(io.cucumber.testng.PickleWrapper,io.cucumber.testng.FeatureWrapper)[pri:0, instance:runner.testRunner2@3e2055d6]" started-at="2023-05-23T14:12:26 CDT" name="runScenario" description="Runs Cucumber Scenarios" data-provider="scenarios" finished-at="2023-05-23T14:12:26 CDT" duration-ms="170" status="PASS">
          <params>
            <param index="0">
              <value>
                <![CDATA["User navigate back to selected Tree Topic Page and try Practice Question Page"]]>
              </value>
            </param>
            <param index="1">
              <value>
                <![CDATA["Optional[Tree]"]]>
              </value>
            </param>
          </params>
          <reporter-output>
          </reporter-output>
        </test-method> <!-- runScenario -->
        <test-method signature="runScenario(io.cucumber.testng.PickleWrapper,io.cucumber.testng.FeatureWrapper)[pri:0, instance:runner.testRunner2@3e2055d6]" started-at="2023-05-23T14:12:26 CDT" name="runScenario" description="Runs Cucumber Scenarios" data-provider="scenarios" finished-at="2023-05-23T14:12:26 CDT" duration-ms="466" status="PASS">
          <params>
            <param index="0">
              <value>
                <![CDATA["User navigate to Graph Page for selected Topic and click on Try Here button"]]>
              </value>
            </param>
            <param index="1">
              <value>
                <![CDATA["Optional[Graph]"]]>
              </value>
            </param>
          </params>
          <reporter-output>
          </reporter-output>
        </test-method> <!-- runScenario -->
        <test-method signature="runScenario(io.cucumber.testng.PickleWrapper,io.cucumber.testng.FeatureWrapper)[pri:0, instance:runner.testRunner2@3e2055d6]" started-at="2023-05-23T14:12:26 CDT" name="runScenario" description="Runs Cucumber Scenarios" data-provider="scenarios" finished-at="2023-05-23T14:12:27 CDT" duration-ms="909" status="PASS">
          <params>
            <param index="0">
              <value>
                <![CDATA["User click on Try Here button and enter valid and invalid python code in tryEditor for Graph"]]>
              </value>
            </param>
            <param index="1">
              <value>
                <![CDATA["Optional[Graph]"]]>
              </value>
            </param>
          </params>
          <reporter-output>
          </reporter-output>
        </test-method> <!-- runScenario -->
        <test-method signature="runScenario(io.cucumber.testng.PickleWrapper,io.cucumber.testng.FeatureWrapper)[pri:0, instance:runner.testRunner2@3e2055d6]" started-at="2023-05-23T14:12:27 CDT" name="runScenario" description="Runs Cucumber Scenarios" data-provider="scenarios" finished-at="2023-05-23T14:12:28 CDT" duration-ms="848" status="PASS">
          <params>
            <param index="0">
              <value>
                <![CDATA["User click on Try Here button and enter valid and invalid python code in tryEditor for Graph"]]>
              </value>
            </param>
            <param index="1">
              <value>
                <![CDATA["Optional[Graph]"]]>
              </value>
            </param>
          </params>
          <reporter-output>
          </reporter-output>
        </test-method> <!-- runScenario -->
        <test-method signature="runScenario(io.cucumber.testng.PickleWrapper,io.cucumber.testng.FeatureWrapper)[pri:0, instance:runner.testRunner2@3e2055d6]" started-at="2023-05-23T14:12:28 CDT" name="runScenario" description="Runs Cucumber Scenarios" data-provider="scenarios" finished-at="2023-05-23T14:12:28 CDT" duration-ms="180" status="PASS">
          <params>
            <param index="0">
              <value>
                <![CDATA["User navigate back to selected Graph Topic Page and try Practice Question Page"]]>
              </value>
            </param>
            <param index="1">
              <value>
                <![CDATA["Optional[Graph]"]]>
              </value>
            </param>
          </params>
          <reporter-output>
          </reporter-output>
        </test-method> <!-- runScenario -->
        <test-method is-config="true" signature="tearDownClass()[pri:0, instance:runner.testRunner2@3e2055d6]" started-at="2023-05-23T14:12:28 CDT" name="tearDownClass" finished-at="2023-05-23T14:12:29 CDT" duration-ms="458" status="PASS">
          <reporter-output>
          </reporter-output>
        </test-method> <!-- tearDownClass -->
      </class> <!-- runner.testRunner2 -->
    </test> <!-- Default test -->
  </suite> <!-- Default suite -->
</testng-results>
